         AFTERNOON AT THE RACE TRACK - Description of the internal state of the problem

MAN/BRK          SPECTATOR/BETTER             HORSE/JOCKEY PAIR at Race RN
  Stat  St0 Am0  St1 Am1  St2 Am2  St3 Am3   RN St0 Len0 St1 Len1 St2 Len2 St3 Len3
                                    Race RN Status
 RN Dist BS0 BA0 BS1 BA1 BS2 BA2 BS3 BA3 Od0 N0 Ps0 SD0 Od1 N1 Ps1 Sd1 Od2 N2 Ps2 Sd2 Od3 N3 Ps3 St3
  OPEN  --- ---- --- ---- --- ---- --- ----   - ---  --  ---  --  ---  --  ---  --  
  - 24    - ----  - ----  - ----  - ----  ---- -- --  --  ---- -- --  --  ---- -- --  --  ---- -- --  --  
  NEXT  --- ---- --- ---- --- ---- --- ----   - ---  --  ---  --  ---  --  ---  --  
  - 24    - ----  - ----  - ----  - ----  ---- -- --  --  ---- -- --  --  ---- -- --  --  ---- -- --  --  
  NEXT  --- ---- --- ---- --- ---- --- ----   - ATS  --  ---  --  ---  --  ---  --  
  - 24    - ----  - ----  - ----  - ----  ---- -- --  --  ---- -- --  --  ---- -- --  --  ---- -- --  --  
  NEXT  --- ---- --- ---- --- ---- --- ----   - ATP  --  ---  --  ---  --  ---  --  
  - 24    - ----  - ----  - ----  - ----  ---- -- --  --  ---- -- --  --  ---- -- --  --  ---- -- --  --  
  NEXT  --- ---- --- ---- --- ---- --- ----   - ATP  5   ---  --  ATS  --  ---  --  
  - 24    - ----  - ----  - ----  - ----  ---- -- --  --  ---- -- --  --  ---- -- --  --  ---- -- --  --  
  NEXT  --- ---- --- ---- --- ---- --- ----   - ATP  5   ---  --  ATP  --  ---  --  
  - 24    - ----  - ----  - ----  - ----  ---- -- --  --  ---- -- --  --  ---- -- --  --  ---- -- --  --  
  NEXT  --- ---- --- ---- --- ---- --- ----   - ATP  5   ATS  --  ATP  7   ---  --  
  - 24    - ----  - ----  - ----  - ----  ---- -- --  --  ---- -- --  --  ---- -- --  --  ---- -- --  --  
  NEXT  --- ---- --- ---- --- ---- --- ----   - ATP  5   ATP  --  ATP  7   ---  --  
  - 24    - ----  - ----  - ----  - ----  ---- -- --  --  ---- -- --  --  ---- -- --  --  ---- -- --  --  
  NEXT  --- ---- --- ---- --- ---- --- ----   - ATP  5   ATP  4   ATP  7   ATS  --  
  - 24    - ----  - ----  - ----  - ----  ---- -- --  --  ---- -- --  --  ---- -- --  --  ---- -- --  --  
  NEXT  --- ---- --- ---- --- ---- --- ----   - ATP  5   ATP  4   ATP  7   ATP  --  
  - 24    - ----  - ----  - ----  - ----  ---- -- --  --  ---- -- --  --  ---- -- --  --  ---- -- --  --  
  NEXT  WRS ---- --- ---- --- ---- --- ----   - ATP  5   ATP  4   ATP  7   ATP  10  
  - 24    - ----  - ----  - ----  - ----  ---- -- --  --  ---- -- --  --  ---- -- --  --  ---- -- --  --  
  NEXT  WRS ---- WRS ---- --- ---- --- ----   - ATP  5   ATP  4   ATP  7   ATP  10  
  - 24    - ----  - ----  - ----  - ----  ---- -- --  --  ---- -- --  --  ---- -- --  --  ---- -- --  --  
  NEXT  WRS ---- WRS ---- --- ---- --- ----   - ATP  5   ATP  4   ATP  7   ATP  10  
  - 24    - ----  - ----  - ----  - ----  0.9 -- --  --  ---- -- --  --  ---- -- --  --  ---- -- --  --  
  NEXT  WRS 400  WRS 400  WRS ---- --- ----   - ATP  5   ATP  4   ATP  7   ATP  10  
  - 24    - ----  - ----  - ----  - ----  0.9 -- --  --  ---- -- --  --  ---- -- --  --  ---- -- --  --  
  NEXT  WRS 400  WRS 400  WRS ---- --- ----   - ATP  5   ATP  4   ATP  7   ATP  10  
  - 24    - ----  - ----  - ----  - ----  0.9 -- --  --  ---- -- --  --  ---- -- --  --  ---- -- --  --  
  NEXT  WRS 400  WRS 400  WRS 400  WRS ----   - ATP  5   ATP  4   ATP  7   ATP  10  
  - 24    - ----  - ----  - ----  - ----  0.9 -- --  --  ---- -- --  --  ---- -- --  --  ---- -- --  --  
  NEXT  WRS 400  WRS 400  ATH 400  WRS ----   - ATP  5   ATP  4   ATP  7   ATP  10  
  - 24    - ----  - ----  - ----  - ----  0.9 -- --  --  ---- -- --  --  ---- -- --  --  ---- -- --  --  
  NEXT  WRS 400  WRS 400  ATH 400  ATH 400    - ATP  5   ATP  4   ATP  7   ATP  10  
  - 24    - ----  - ----  - ----  - ----  0.9 -- --  --  ---- -- --  --  ---- -- --  --  ---- -- --  --  
  NEXT  WRS 400  ATH 400  ATH 400  ATH 400    - ATP  5   ATP  4   ATP  7   ATP  10  
  - 24    - ----  - ----  - ----  - ----  0.9 -- --  --  ---- -- --  --  ---- -- --  --  ---- -- --  --  
  NEXT  ATH 400  ATH 400  ATH 400  ATH 400    - ATP  5   ATP  4   ATP  7   ATP  10  
  - 24    - ----  - ----  - ----  - ----  0.9 -- --  --  ---- -- --  --  ---- -- --  --  ---- -- --  --  
  NEXT  ATH 400  ATH 400  ATH 400  ATH 400    - ATP  5   ATP  4   ATP  7   ATP  10  
  - 24    - ----  - ----  - ----  - ----  0.9 -- --  --  ---- -- --  --  ---- -- --  --  0.01 -- --  --  
  NEXT  ATH 400  ATH 400  ATH 400  ATH 400    - ATP  5   ATP  4   ATP  7   ASL  10  
  - 24    - ----  - ----  - ----  - ----  0.9 -- --  --  ---- -- --  --  ---- -- --  --  0.01 -- --  --  
  NEXT  ATH 400  ATH 400  ATH 400  ATH 400    - ATP  5   ATP  4   ATP  7   ASL  10  
  - 24    - ----  - ----  - ----  - ----  0.9 -- --  --  0.08 -- --  --  ---- -- --  --  0.01 -- --  --  
  NEXT  ATH 400  ATH 400  ATH 400  ATH 400    - ATP  5   ASL  4   ATP  7   ASL  10  
  - 24    - ----  - ----  - ----  - ----  0.9 -- --  --  0.08 -- --  --  ---- -- --  --  0.01 -- --  --  
  NEXT  ATH 400  ATH 400  ATH 400  ATH 400    - ATP  5   ASL  4   ATP  7   ASL  10  
  - 24    - ----  - ----  - ----  - ----  0.9 -- --  --  0.08 -- --  --  0.01 -- --  --  0.01 -- --  --  
  NEXT  ATH 400  ATH 400  ATH 400  ATH 400    - ATP  5   ASL  4   ASL  7   ASL  10  
  - 24    - ----  - ----  - ----  - ----  0.9 -- --  --  0.08 -- --  --  0.01 -- --  --  0.01 -- --  --  
  NEXT  ATH 400  ATH 400  ATH 400  ATH 400    - ASL  5   ASL  4   ASL  7   ASL  10  
  - 24    - ----  - ----  - ----  - ----  0.9 -- --  --  0.08 -- --  --  0.01 -- --  --  0.01 -- --  --  
  WBET  ATH 400  ATH 400  ATH 400  ATH 400    - ASL  5   ASL  4   ASL  7   ASL  10  
  - 24    - ----  - ----  - ----  - ----  0.9 -- --  --  0.08 -- --  --  0.01 -- --  --  0.01 -- --  --  
  WBET  PAB 400  ATH 400  ATH 400  ATH 400    - ASL  5   ASL  4   ASL  7   ASL  10  
  - 24    3 340   - ----  - ----  - ----  0.9 -- --  --  0.08 -- --  --  0.01 -- --  --  0.01 -- --  --  
  WBET  WAR 400  ATH 400  ATH 400  ATH 400    - ASL  5   ASL  4   ASL  7   ASL  10  
  - 24    3 340   - ----  - ----  - ----  0.9 -- --  --  0.08 -- --  --  0.01 -- --  --  0.01 -- --  --  
  WBET  WAR 400  PAB 400  ATH 400  ATH 400    - ASL  5   ASL  4   ASL  7   ASL  10  
  - 24    3 340   1 371   - ----  - ----  0.9 -- --  --  0.08 -- --  --  0.01 -- --  --  0.01 -- --  --  
  WBET  WAR 400  WAR 400  ATH 400  ATH 400    - ASL  5   ASL  4   ASL  7   ASL  10  
  - 24    3 340   1 371   - ----  - ----  0.9 -- --  --  0.08 -- --  --  0.01 -- --  --  0.01 -- --  --  
  WBET  WAR 400  WAR 400  PAB 400  ATH 400    - ASL  5   ASL  4   ASL  7   ASL  10  
  - 24    3 340   1 371   1 398   - ----  0.9 -- --  --  0.08 -- --  --  0.01 -- --  --  0.01 -- --  --  
  WBET  WAR 400  WAR 400  WAR 400  ATH 400    - ASL  5   ASL  4   ASL  7   ASL  10  
  - 24    3 340   1 371   1 398   - ----  0.9 -- --  --  0.08 -- --  --  0.01 -- --  --  0.01 -- --  --  
  WBET  WAR 400  WAR 400  WAR 400  PAB 400    - ASL  5   ASL  4   ASL  7   ASL  10  
  - 24    3 340   1 371   1 398   3 46    0.9 -- --  --  0.08 -- --  --  0.01 -- --  --  0.01 -- --  --  
  WBET  WAR 400  WAR 400  WAR 400  WAR 400    - ASL  5   ASL  4   ASL  7   ASL  10  
  - 24    3 340   1 371   1 398   3 46    0.9 -- --  --  0.08 -- --  --  0.01 -- --  --  0.01 -- --  --  
  SUPE  WAR 400  WAR 400  WAR 400  WAR 400    - ASL  5   ASL  4   ASL  7   ASL  10  
  - 24    3 340   1 371   1 398   3 46    0.9 -- --  --  0.08 -- --  --  0.01 -- --  --  0.01 -- --  --  
  SUPE  WAR 400  WAR 400  WAR 400  WAR 400    - ASL  5   ASL  4   ASL  7   RUN  10  
  - 24    3 340   1 371   1 398   3 46    0.9 -- --  --  0.08 -- --  --  0.01 -- --  --  0.01 -- --  --  
  SUPE  WAR 400  WAR 400  WAR 400  WAR 400    - ASL  5   ASL  4   RUN  7   RUN  10  
  - 24    3 340   1 371   1 398   3 46    0.9 -- --  --  0.08 -- --  --  0.01 -- --  --  0.01 -- --  --  
  SUPE  WAR 400  WAR 400  WAR 400  WAR 400    - RUN  5   ASL  4   RUN  7   RUN  10  
  - 24    3 340   1 371   1 398   3 46    0.9 -- --  --  0.08 -- --  --  0.01 -- --  --  0.01 -- --  --  
  SUPE  WAR 400  WAR 400  WAR 400  WAR 400    - RUN  5   ASL  4   RUN  7   RUN  10  
  - 24    3 340   1 371   1 398   3 46    0.9 6   6  --  0.08 -- --  --  0.01 -- --  --  0.01 -- --  --  
  SUPE  WAR 400  WAR 400  WAR 400  WAR 400    - RUN  5   RUN  4   RUN  7   RUN  10  
  - 24    3 340   1 371   1 398   3 46    0.9 6   6  --  0.08 -- --  --  0.01 -- --  --  0.01 -- --  --  
  SUPE  WAR 400  WAR 400  WAR 400  WAR 400    - RUN  5   RUN  4   RUN  7   RUN  10  
  - 24    3 340   1 371   1 398   3 46    0.9 6   6  --  0.08 3   3  --  0.01 -- --  --  0.01 -- --  --  
  SUPE  WAR 400  WAR 400  WAR 400  WAR 400    - RUN  5   RUN  4   RUN  7   RUN  10  
  - 24    3 340   1 371   1 398   3 46    0.9 6   6  --  0.08 3   3  --  0.01 -- --  --  0.01 -- --  --  
  SUPE  WAR 400  WAR 400  WAR 400  WAR 400    - RUN  5   RUN  4   RUN  7   RUN  10  
  - 24    3 340   1 371   1 398   3 46    0.9 6   6  --  0.08 3   3  --  0.01 -- --  --  0.01 -- --  --  
  SUPE  WAR 400  WAR 400  WAR 400  WAR 400    - RUN  5   RUN  4   RUN  7   RUN  10  
  - 24    3 340   1 371   1 398   3 46    0.9 6   6  --  0.08 3   3  --  0.01 4   4  --  0.01 -- --  --  
  SUPE  WAR 400  WAR 400  WAR 400  WAR 400    - RUN  5   RUN  4   RUN  7   RUN  10  
  - 24    3 340   1 371   1 398   3 46    0.9 6   6  --  0.08 3   3  --  0.01 4   4  --  0.01 -- --  --  
  SUPE  WAR 400  WAR 400  WAR 400  WAR 400    - RUN  5   RUN  4   RUN  7   RUN  10  
  - 24    3 340   1 371   1 398   3 46    0.9 6   6  --  0.08 3   3  --  0.01 4   4  --  0.01 5   5  --  
  SUPE  WAR 400  WAR 400  WAR 400  WAR 400    - RUN  5   RUN  4   RUN  7   RUN  10  
  - 24    3 340   1 371   1 398   3 46    0.9 6   6  --  0.08 3   3  --  0.01 4   4  --  0.01 5   5  --  
  SUPE  WAR 400  WAR 400  WAR 400  WAR 400    - RUN  5   RUN  4   RUN  7   RUN  10  
  - 24    3 340   1 371   1 398   3 46    0.9 2   8  --  0.08 3   3  --  0.01 4   4  --  0.01 5   5  --  
  SUPE  WAR 400  WAR 400  WAR 400  WAR 400    - RUN  5   RUN  4   RUN  7   RUN  10  
  - 24    3 340   1 371   1 398   3 46    0.9 2   8  --  0.08 3   3  --  0.01 4   4  --  0.01 5   5  --  
  SUPE  WAR 400  WAR 400  WAR 400  WAR 400    - RUN  5   RUN  4   RUN  7   RUN  10  
  - 24    3 340   1 371   1 398   3 46    0.9 2   8  --  0.08 5   8  --  0.01 4   4  --  0.01 5   5  --  
  SUPE  WAR 400  WAR 400  WAR 400  WAR 400    - RUN  5   RUN  4   RUN  7   RUN  10  
  - 24    3 340   1 371   1 398   3 46    0.9 2   8  --  0.08 5   8  --  0.01 4   4  --  0.01 5   5  --  
  SUPE  WAR 400  WAR 400  WAR 400  WAR 400    - RUN  5   RUN  4   RUN  7   RUN  10  
  - 24    3 340   1 371   1 398   3 46    0.9 2   8  --  0.08 5   8  --  0.01 7  11  --  0.01 5   5  --  
  SUPE  WAR 400  WAR 400  WAR 400  WAR 400    - RUN  5   RUN  4   RUN  7   RUN  10  
  - 24    3 340   1 371   1 398   3 46    0.9 2   8  --  0.08 5   8  --  0.01 7  11  --  0.01 5   5  --  
  SUPE  WAR 400  WAR 400  WAR 400  WAR 400    - RUN  5   RUN  4   RUN  7   RUN  10  
  - 24    3 340   1 371   1 398   3 46    0.9 2   8  --  0.08 5   8  --  0.01 7  11  --  0.01 3   8  --  
  SUPE  WAR 400  WAR 400  WAR 400  WAR 400    - RUN  5   RUN  4   RUN  7   RUN  10  
  - 24    3 340   1 371   1 398   3 46    0.9 2   8  --  0.08 5   8  --  0.01 7  11  --  0.01 3   8  --  
  SUPE  WAR 400  WAR 400  WAR 400  WAR 400    - RUN  5   RUN  4   RUN  7   RUN  10  
  - 24    3 340   1 371   1 398   3 46    0.9 6  14  --  0.08 5   8  --  0.01 7  11  --  0.01 3   8  --  
  SUPE  WAR 400  WAR 400  WAR 400  WAR 400    - RUN  5   RUN  4   RUN  7   RUN  10  
  - 24    3 340   1 371   1 398   3 46    0.9 6  14  --  0.08 5   8  --  0.01 7  11  --  0.01 3   8  --  
  SUPE  WAR 400  WAR 400  WAR 400  WAR 400    - RUN  5   RUN  4   RUN  7   RUN  10  
  - 24    3 340   1 371   1 398   3 46    0.9 6  14  --  0.08 1   9  --  0.01 7  11  --  0.01 3   8  --  
  SUPE  WAR 400  WAR 400  WAR 400  WAR 400    - RUN  5   RUN  4   RUN  7   RUN  10  
  - 24    3 340   1 371   1 398   3 46    0.9 6  14  --  0.08 1   9  --  0.01 7  11  --  0.01 3   8  --  
  SUPE  WAR 400  WAR 400  WAR 400  WAR 400    - RUN  5   RUN  4   RUN  7   RUN  10  
  - 24    3 340   1 371   1 398   3 46    0.9 6  14  --  0.08 1   9  --  0.01 3  14  --  0.01 3   8  --  
  SUPE  WAR 400  WAR 400  WAR 400  WAR 400    - RUN  5   RUN  4   RUN  7   RUN  10  
  - 24    3 340   1 371   1 398   3 46    0.9 6  14  --  0.08 1   9  --  0.01 3  14  --  0.01 3   8  --  
  SUPE  WAR 400  WAR 400  WAR 400  WAR 400    - RUN  5   RUN  4   RUN  7   RUN  10  
  - 24    3 340   1 371   1 398   3 46    0.9 6  14  --  0.08 1   9  --  0.01 3  14  --  0.01 6  14  --  
  SUPE  WAR 400  WAR 400  WAR 400  WAR 400    - RUN  5   RUN  4   RUN  7   RUN  10  
  - 24    3 340   1 371   1 398   3 46    0.9 6  14  --  0.08 1   9  --  0.01 3  14  --  0.01 6  14  --  
  SUPE  WAR 400  WAR 400  WAR 400  WAR 400    - RUN  5   RUN  4   RUN  7   RUN  10  
  - 24    3 340   1 371   1 398   3 46    0.9 2  16  --  0.08 1   9  --  0.01 3  14  --  0.01 6  14  --  
  SUPE  WAR 400  WAR 400  WAR 400  WAR 400    - RUN  5   RUN  4   RUN  7   RUN  10  
  - 24    3 340   1 371   1 398   3 46    0.9 2  16  --  0.08 1   9  --  0.01 3  14  --  0.01 6  14  --  
  SUPE  WAR 400  WAR 400  WAR 400  WAR 400    - RUN  5   RUN  4   RUN  7   RUN  10  
  - 24    3 340   1 371   1 398   3 46    0.9 2  16  --  0.08 4  13  --  0.01 3  14  --  0.01 6  14  --  
  SUPE  WAR 400  WAR 400  WAR 400  WAR 400    - RUN  5   RUN  4   RUN  7   RUN  10  
  - 24    3 340   1 371   1 398   3 46    0.9 2  16  --  0.08 4  13  --  0.01 3  14  --  0.01 6  14  --  
  SUPE  WAR 400  WAR 400  WAR 400  WAR 400    - RUN  5   RUN  4   RUN  7   RUN  10  
  - 24    3 340   1 371   1 398   3 46    0.9 2  16  --  0.08 4  13  --  0.01 6  20  --  0.01 6  14  --  
  SUPE  WAR 400  WAR 400  WAR 400  WAR 400    - RUN  5   RUN  4   RUN  7   RUN  10  
  - 24    3 340   1 371   1 398   3 46    0.9 2  16  --  0.08 4  13  --  0.01 6  20  --  0.01 6  14  --  
  SUPE  WAR 400  WAR 400  WAR 400  WAR 400    - RUN  5   RUN  4   RUN  7   RUN  10  
  - 24    3 340   1 371   1 398   3 46    0.9 2  16  --  0.08 4  13  --  0.01 6  20  --  0.01 11 25  --  
  SUPE  WAR 400  WAR 400  WAR 400  WAR 400    - RUN  5   RUN  4   RUN  7   AFL  10  
  - 24    3 340   1 371   1 398   3 46    0.9 2  16  --  0.08 4  13  --  0.01 6  20  --  0.01 11 25  --  
  SUPE  WAR 400  WAR 400  WAR 400  WAR 400    - RUN  5   RUN  4   RUN  7   ATS  10  
  - 24    3 340   1 371   1 398   3 46    0.9 2  16  --  0.08 4  13  --  0.01 6  20  --  0.01 11 25  --  
  SUPE  WAR 400  WAR 400  WAR 400  WAR 400    - RUN  5   RUN  4   RUN  7   ATS  10  
  - 24    3 340   1 371   1 398   3 46    0.9 4  20  --  0.08 4  13  --  0.01 6  20  --  0.01 11 25  --  
  SUPE  WAR 400  WAR 400  WAR 400  WAR 400    - RUN  5   RUN  4   RUN  7   ATS  10  
  - 24    3 340   1 371   1 398   3 46    0.9 4  20  --  0.08 4  13  --  0.01 6  20  --  0.01 11 25  --  
  SUPE  WAR 400  WAR 400  WAR 400  WAR 400    - RUN  5   RUN  4   RUN  7   ATS  10  
  - 24    3 340   1 371   1 398   3 46    0.9 4  20  --  0.08 4  17  --  0.01 6  20  --  0.01 11 25  --  
  SUPE  WAR 400  WAR 400  WAR 400  WAR 400    - RUN  5   RUN  4   RUN  7   ATS  10  
  - 24    3 340   1 371   1 398   3 46    0.9 4  20  --  0.08 4  17  --  0.01 6  20  --  0.01 11 25  --  
  SUPE  WAR 400  WAR 400  WAR 400  WAR 400    - RUN  5   RUN  4   RUN  7   ATS  10  
  - 24    3 340   1 371   1 398   3 46    0.9 4  20  --  0.08 4  17  --  0.01 8  28  --  0.01 11 25  --  
  SUPE  WAR 400  WAR 400  WAR 400  WAR 400    - RUN  5   RUN  4   AFL  7   ATS  10  
  - 24    3 340   1 371   1 398   3 46    0.9 4  20  --  0.08 4  17  --  0.01 8  28  --  0.01 11 25  --  
  SUPE  WAR 400  WAR 400  WAR 400  WAR 400    - RUN  5   RUN  4   ATS  7   ATS  10  
  - 24    3 340   1 371   1 398   3 46    0.9 4  20  --  0.08 4  17  --  0.01 8  28  --  0.01 11 25  --  
  SUPE  WAR 400  WAR 400  WAR 400  WAR 400    - RUN  5   RUN  4   ATS  7   ATS  10  
  - 24    3 340   1 371   1 398   3 46    0.9 1  21  --  0.08 4  17  --  0.01 8  28  --  0.01 11 25  --  
  SUPE  WAR 400  WAR 400  WAR 400  WAR 400    - RUN  5   RUN  4   ATS  7   ATS  10  
  - 24    3 340   1 371   1 398   3 46    0.9 1  21  --  0.08 4  17  --  0.01 8  28  --  0.01 11 25  --  
  SUPE  WAR 400  WAR 400  WAR 400  WAR 400    - RUN  5   RUN  4   ATS  7   ATS  10  
  - 24    3 340   1 371   1 398   3 46    0.9 1  21  --  0.08 4  21  --  0.01 8  28  --  0.01 11 25  --  
  SUPE  WAR 400  WAR 400  WAR 400  WAR 400    - RUN  5   RUN  4   ATS  7   ATS  10  
  - 24    3 340   1 371   1 398   3 46    0.9 1  21  --  0.08 4  21  --  0.01 8  28  --  0.01 11 25  --  
  SUPE  WAR 400  WAR 400  WAR 400  WAR 400    - RUN  5   RUN  4   ATS  7   ATS  10  
  - 24    3 340   1 371   1 398   3 46    0.9 4  25  --  0.08 4  21  --  0.01 8  28  --  0.01 11 25  --  
  SUPE  WAR 400  WAR 400  WAR 400  WAR 400    - AFL  5   RUN  4   ATS  7   ATS  10  
  - 24    3 340   1 371   1 398   3 46    0.9 4  25  --  0.08 4  21  --  0.01 8  28  --  0.01 11 25  --  
  SUPE  WAR 400  WAR 400  WAR 400  WAR 400    - ATS  5   RUN  4   ATS  7   ATS  10  
  - 24    3 340   1 371   1 398   3 46    0.9 4  25  --  0.08 4  21  --  0.01 8  28  --  0.01 11 25  --  
  SUPE  WAR 400  WAR 400  WAR 400  WAR 400    - ATS  5   RUN  4   ATS  7   ATS  10  
  - 24    3 340   1 371   1 398   3 46    0.9 4  25  --  0.08 5  26  --  0.01 8  28  --  0.01 11 25  --  
  SUPE  WAR 400  WAR 400  WAR 400  WAR 400    - ATS  5   AFL  4   ATS  7   ATS  10  
  - 24    3 340   1 371   1 398   3 46    0.9 4  25  --  0.08 5  26  --  0.01 8  28  --  0.01 11 25  --  
  SUPE  WAR 400  WAR 400  WAR 400  WAR 400    - ATS  5   ATS  4   ATS  7   ATS  10  
  - 24    3 340   1 371   1 398   3 46    0.9 4  25  --  0.08 5  26  --  0.01 8  28  --  0.01 11 25  --  
  SETA  WAR 400  WAR 400  WAR 400  WAR 400    - ATS  5   ATS  4   ATS  7   ATS  10  
  - 24    3 340   1 371   1 398   3 46    0.9 4  25  --  0.08 5  26  --  0.01 8  28  --  0.01 11 25  --  
  SETA  WAR 400  WAR 400  WAR 400  WAR 400    - ATS  5   ATS  4   ATS  7   ATS  10  
  - 24    3 340   1 371   1 398   3 46    0.9 4  25  --  0.08 5  26  --  0.01 8  28  --  0.01 11 25  --  
  SETA  WAR 400  WAR 400  WRS 400  WAR 400    - ATS  5   ATS  4   ATS  7   ATS  10  
  - 24    3 340   1 371   1 398   3 46    0.9 4  25  --  0.08 5  26  --  0.01 8  28  --  0.01 11 25  --  
  SETA  WAR 400  WAR 400  WRS 400  WAR 400    - ATS  5   ATS  4   ATS  7   ATS  10  
  - 24    3 340   1 371   1 398   3 46    0.9 4  25  --  0.08 5  26  --  0.01 8  28  --  0.01 11 25  --  
  SETA  WAR 400  WRS 400  WRS 400  WAR 400    - ATS  5   ATS  4   ATS  7   ATS  10  
  - 24    3 340   1 371   1 398   3 46    0.9 4  25  --  0.08 5  26  --  0.01 8  28  --  0.01 11 25  --  
  SETA  WAR 400  WRS 400  WRS 400  WAR 400    - ATS  5   ATS  4   ATS  7   ATS  10  
  - 24    3 340   1 371   1 398   3 46    0.9 4  25  --  0.08 5  26  --  0.01 8  28  --  0.01 11 25  --  
  SETA  WAR 400  WRS 400  WRS 400  WRS 400    - ATS  5   ATS  4   ATS  7   ATS  10  
  - 24    3 340   1 371   1 398   3 46    0.9 4  25  --  0.08 5  26  --  0.01 8  28  --  0.01 11 25  --  
  SETA  WAR 400  WRS 400  WRS 400  WRS 400    - ATS  5   ATS  4   ATS  7   ATS  10  
  - 24    3 340   1 371   1 398   3 46    0.9 4  25  --  0.08 5  26  --  0.01 8  28  --  0.01 11 25  --  
  SETA  WRS 400  WRS 400  WRS 400  WRS 400    - ATS  5   ATS  4   ATS  7   ATS  10  
  - 24    3 340   1 371   1 398   3 46    0.9 4  25  --  0.08 5  26  --  0.01 8  28  --  0.01 11 25  --  
  NEXT  WRS 400  WRS 400  WRS 400  WRS 400    - ATS  5   ATS  4   ATS  7   ATS  10  
  - 24    3 340   1 371   1 398   3 46    0.9 4  25  --  0.08 5  26  --  0.01 8  28  --  0.01 11 25  --  
  NEXT  WRS 400  WRS 400  WRS 400  WRS 400    - ATS  5   ATP  4   ATS  7   ATS  10  
  - 24    3 340   1 371   1 398   3 46    0.9 4  25  --  0.08 5  26  --  0.01 8  28  --  0.01 11 25  --  
  NEXT  WRS 400  WRS 400  WRS 400  WRS 400    - ATS  5   ATP  4   ATS  7   ATS  10  
  - 24    3 340   1 371   1 398   3 46    0.9 4  25  --  0.08 5  26  --  0.01 8  28  --  0.01 11 25  --  
  NEXT  WRS 400  WRS 400  WRS 400  WRS 400    - ATS  5   ATP  4   ATS  7   ATS  10  
  - 24    3 340   1 371   1 398   3 46    0.9 4  25  --  0.08 5  26  --  0.01 8  28  --  0.01 11 25  --  
  NEXT  WRS 400  WRS 400  WRS 400  WRS 400    - ATP  5   ATP  4   ATS  7   ATS  10  
  - 24    3 340   1 371   1 398   3 46    0.9 4  25  --  0.08 5  26  --  0.01 8  28  --  0.01 11 25  --  
  NEXT  WRS 400  WRS 400  WRS 400  WRS 400    - ATP  5   ATP  4   ATS  7   ATS  10  
  - 24    3 340   1 371   1 398   3 46    0.9 4  25  --  0.08 5  26  --  0.01 8  28  --  0.01 11 25  --  
  NEXT  WRS 400  WRS 400  WRS 400  WRS 400    - ATP  5   ATP  4   ATP  7   ATS  10  
  - 24    3 340   1 371   1 398   3 46    0.9 4  25  --  0.08 5  26  --  0.01 8  28  --  0.01 11 25  --  
  NEXT  WRS 400  WRS 400  WRS 400  WRS 400    - ATP  5   ATP  4   ATP  7   ATS  10  
  - 24    3 340   1 371   1 398   3 46    0.9 4  25  --  0.08 5  26  --  0.01 8  28  --  0.01 11 25  --  
  NEXT  WRS 400  WRS 400  WRS 400  WRS 400    - ATP  5   ATP  4   ATP  7   ATS  10  
  - 24    3 340   1 371   1 398   3 46    0.9 4  25  --  0.08 5  26  --  0.01 8  28  --  0.01 11 25  --  
  NEXT  WRS 400  WRS 400  WRS 400  WRS 400    - ATP  5   ATP  4   ATP  7   ATS  10  
  - 24    3 340   1 371   1 398   3 46    0.9 4  25  --  0.08 5  26  --  0.01 8  28  --  0.01 11 25  --  
  NEXT  WRS 400  WRS 400  WRS 400  WRS 400    - ATP  5   ATP  4   ATP  7   ATP  10  
  - 24    3 340   1 371   1 398   3 46    0.9 4  25  --  0.08 5  26  --  0.01 8  28  --  0.01 11 25  --  
  NEXT  WRS 400  WRS 400  WRS 400  WRS 400    - ATP  5   ATP  4   ATP  7   ATP  10  
  - 24    3 340   1 371   1 398   3 46    0.9 4  25  --  0.08 5  26  --  0.01 8  28  --  0.01 11 25  --  
  NEXT  WRS 400  WRS 400  WRS 400  WRS 400    - ATP  5   ATP  4   ATP  7   ATP  10  
  - 24    3 340   1 371   1 398   3 46    0.9 4  25  --  0.08 5  26  --  0.01 8  28  --  0.01 11 25  --  
  NEXT  ATH 59   WRS 400  WRS 400  WRS 400    - ATP  5   ATP  4   ATP  7   ATP  10  
  - 24    3 340   1 371   1 398   3 46    0.9 4  25  --  0.08 5  26  --  0.01 8  28  --  0.01 11 25  --  
  NEXT  ATH 59   WRS 28   ATH 1    WRS 400    - ATP  5   ATP  4   ATP  7   ATP  10  
  - 24    3 340   1 371   1 398   3 46    0.9 4  25  --  0.08 5  26  --  0.01 8  28  --  0.01 11 25  --  
  NEXT  ATH 59   ATH 28   ATH 1    WRS 400    - ATP  5   ATP  4   ATP  7   ATP  10  
  - 24    3 340   1 371   1 398   3 46    0.9 4  25  --  0.08 5  26  --  0.01 8  28  --  0.01 11 25  --  
  NEXT  ATH 59   ATH 28   ATH 1    ATH 353    - ATP  5   ATP  4   ATP  7   ATP  10  
  - 24    3 340   1 371   1 398   3 46    0.9 4  25  --  0.08 5  26  --  0.01 8  28  --  0.01 11 25  --  
  NEXT  ATH 59   ATH 28   ATH 1    ATH 353    - ATP  5   ATP  4   ATP  7   ASL  10  
  - 24    3 340   1 371   1 398   3 46    0.9 4  25  --  0.08 5  26  --  0.01 8  28  --  0.01 11 25  --  
  NEXT  ATH 59   ATH 28   ATH 1    ATH 353    - ATP  5   ATP  4   ASL  7   ASL  10  
  - 24    3 340   1 371   1 398   3 46    0.9 4  25  --  0.08 5  26  --  0.01 8  28  --  0.01 11 25  --  
  NEXT  ATH 59   ATH 28   ATH 1    ATH 353    - ASL  5   ATP  4   ASL  7   ASL  10  
  - 24    3 340   1 371   1 398   3 46    0.9 4  25  --  0.08 5  26  --  0.01 8  28  --  0.01 11 25  --  
  NEXT  ATH 59   ATH 28   ATH 1    ATH 353    - ASL  5   ASL  4   ASL  7   ASL  10  
  - 24    3 340   1 371   1 398   3 46    0.9 4  25  --  0.08 5  26  --  0.01 8  28  --  0.01 11 25  --  
  WBET  ATH 59   ATH 28   ATH 1    ATH 353    - ASL  5   ASL  4   ASL  7   ASL  10  
  - 24    3 340   1 371   1 398   3 46    0.9 4  25  --  0.08 5  26  --  0.01 8  28  --  0.01 11 25  --  
  WBET  ATH 59   PAB 28   ATH 1    ATH 353    - ASL  5   ASL  4   ASL  7   ASL  10  
  - 24    3 340   2 24    1 398   3 46    0.9 4  25  --  0.08 5  26  --  0.01 8  28  --  0.01 11 25  --  
  WBET  ATH 59   WAR 28   ATH 1    ATH 353    - ASL  5   ASL  4   ASL  7   ASL  10  
  - 24    3 340   2 24    1 398   3 46    0.9 4  25  --  0.08 5  26  --  0.01 8  28  --  0.01 11 25  --  
  WBET  PAB 59   WAR 28   ATH 1    ATH 353    - ASL  5   ASL  4   ASL  7   ASL  10  
  - 24    3 15    2 24    1 398   3 46    0.9 4  25  --  0.08 5  26  --  0.01 8  28  --  0.01 11 25  --  
  WBET  WAR 59   WAR 28   ATH 1    ATH 353    - ASL  5   ASL  4   ASL  7   ASL  10  
  - 24    3 15    2 24    1 398   3 46    0.9 4  25  --  0.08 5  26  --  0.01 8  28  --  0.01 11 25  --  
  WBET  WAR 59   WAR 28   ATH 1    PAB 353    - ASL  5   ASL  4   ASL  7   ASL  10  
  - 24    3 15    2 24    1 398   2 274   0.9 4  25  --  0.08 5  26  --  0.01 8  28  --  0.01 11 25  --  
  WBET  WAR 59   WAR 28   ATH 1    WAR 353    - ASL  5   ASL  4   ASL  7   ASL  10  
  - 24    3 15    2 24    1 398   2 274   0.9 4  25  --  0.08 5  26  --  0.01 8  28  --  0.01 11 25  --  
  WBET  WAR 59   WAR 28   PAB 1    WAR 353    - ASL  5   ASL  4   ASL  7   ASL  10  
  - 24    3 15    2 24    2 0     2 274   0.9 4  25  --  0.08 5  26  --  0.01 8  28  --  0.01 11 25  --  
  WBET  WAR 59   WAR 28   WAR 1    WAR 353    - ASL  5   ASL  4   ASL  7   ASL  10  
  - 24    3 15    2 24    2 0     2 274   0.9 4  25  --  0.08 5  26  --  0.01 8  28  --  0.01 11 25  --  
  SUPE  WAR 59   WAR 28   WAR 1    WAR 353    - ASL  5   ASL  4   ASL  7   ASL  10  
  - 24    3 15    2 24    2 0     2 274   0.9 4  25  --  0.08 5  26  --  0.01 8  28  --  0.01 11 25  --  
  SUPE  WAR 59   WAR 28   WAR 1    WAR 353    - ASL  5   RUN  4   ASL  7   ASL  10  
  - 24    3 15    2 24    2 0     2 274   0.9 4  25  --  0.08 5  26  --  0.01 8  28  --  0.01 11 25  --  
  SUPE  WAR 59   WAR 28   WAR 1    WAR 353    - RUN  5   RUN  4   ASL  7   ASL  10  
  - 24    3 15    2 24    2 0     2 274   0.9 4  25  --  0.08 5  26  --  0.01 8  28  --  0.01 11 25  --  
  SUPE  WAR 59   WAR 28   WAR 1    WAR 353    - RUN  5   RUN  4   ASL  7   ASL  10  
  - 24    3 15    2 24    2 0     2 274   0.9 3   3  --  0.08 5  26  --  0.01 8  28  --  0.01 11 25  --  
  SUPE  WAR 59   WAR 28   WAR 1    WAR 353    - RUN  5   RUN  4   ASL  7   ASL  10  
  - 24    3 15    2 24    2 0     2 274   0.9 3   3  --  0.08 5  26  --  0.01 8  28  --  0.01 11 25  --  
  SUPE  WAR 59   WAR 28   WAR 1    WAR 353    - RUN  5   RUN  4   RUN  7   ASL  10  
  - 24    3 15    2 24    2 0     2 274   0.9 3   3  --  0.08 5  26  --  0.01 8  28  --  0.01 11 25  --  
  SUPE  WAR 59   WAR 28   WAR 1    WAR 353    - RUN  5   RUN  4   RUN  7   RUN  10  
  - 24    3 15    2 24    2 0     2 274   0.9 3   3  --  0.08 5  26  --  0.01 8  28  --  0.01 11 25  --  
  SUPE  WAR 59   WAR 28   WAR 1    WAR 353    - RUN  5   RUN  4   RUN  7   RUN  10  
  - 24    3 15    2 24    2 0     2 274   0.9 3   3  --  0.08 2   2  --  0.01 8  28  --  0.01 11 25  --  
  SUPE  WAR 59   WAR 28   WAR 1    WAR 353    - RUN  5   RUN  4   RUN  7   RUN  10  
  - 24    3 15    2 24    2 0     2 274   0.9 3   3  --  0.08 2   2  --  0.01 8  28  --  0.01 11 25  --  
  SUPE  WAR 59   WAR 28   WAR 1    WAR 353    - RUN  5   RUN  4   RUN  7   RUN  10  
  - 24    3 15    2 24    2 0     2 274   0.9 3   3  --  0.08 2   2  --  0.01 4   4  --  0.01 11 25  --  
  SUPE  WAR 59   WAR 28   WAR 1    WAR 353    - RUN  5   RUN  4   RUN  7   RUN  10  
  - 24    3 15    2 24    2 0     2 274   0.9 3   3  --  0.08 2   2  --  0.01 4   4  --  0.01 11 25  --  
  SUPE  WAR 59   WAR 28   WAR 1    WAR 353    - RUN  5   RUN  4   RUN  7   RUN  10  
  - 24    3 15    2 24    2 0     2 274   0.9 3   3  --  0.08 2   2  --  0.01 4   4  --  0.01 5   5  --  
  SUPE  WAR 59   WAR 28   WAR 1    WAR 353    - RUN  5   RUN  4   RUN  7   RUN  10  
  - 24    3 15    2 24    2 0     2 274   0.9 3   3  --  0.08 2   2  --  0.01 4   4  --  0.01 5   5  --  
  SUPE  WAR 59   WAR 28   WAR 1    WAR 353    - RUN  5   RUN  4   RUN  7   RUN  10  
  - 24    3 15    2 24    2 0     2 274   0.9 4   7  --  0.08 2   2  --  0.01 4   4  --  0.01 5   5  --  
  SUPE  WAR 59   WAR 28   WAR 1    WAR 353    - RUN  5   RUN  4   RUN  7   RUN  10  
  - 24    3 15    2 24    2 0     2 274   0.9 4   7  --  0.08 2   2  --  0.01 4   4  --  0.01 5   5  --  
  SUPE  WAR 59   WAR 28   WAR 1    WAR 353    - RUN  5   RUN  4   RUN  7   RUN  10  
  - 24    3 15    2 24    2 0     2 274   0.9 4   7  --  0.08 1   3  --  0.01 4   4  --  0.01 5   5  --  
  SUPE  WAR 59   WAR 28   WAR 1    WAR 353    - RUN  5   RUN  4   RUN  7   RUN  10  
  - 24    3 15    2 24    2 0     2 274   0.9 4   7  --  0.08 1   3  --  0.01 4   4  --  0.01 5   5  --  
  SUPE  WAR 59   WAR 28   WAR 1    WAR 353    - RUN  5   RUN  4   RUN  7   RUN  10  
  - 24    3 15    2 24    2 0     2 274   0.9 4   7  --  0.08 1   3  --  0.01 5   9  --  0.01 5   5  --  
  SUPE  WAR 59   WAR 28   WAR 1    WAR 353    - RUN  5   RUN  4   RUN  7   RUN  10  
  - 24    3 15    2 24    2 0     2 274   0.9 4   7  --  0.08 1   3  --  0.01 5   9  --  0.01 5   5  --  
  SUPE  WAR 59   WAR 28   WAR 1    WAR 353    - RUN  5   RUN  4   RUN  7   RUN  10  
  - 24    3 15    2 24    2 0     2 274   0.9 4   7  --  0.08 1   3  --  0.01 5   9  --  0.01 2   7  --  
  SUPE  WAR 59   WAR 28   WAR 1    WAR 353    - RUN  5   RUN  4   RUN  7   RUN  10  
  - 24    3 15    2 24    2 0     2 274   0.9 4   7  --  0.08 1   3  --  0.01 5   9  --  0.01 2   7  --  
  SUPE  WAR 59   WAR 28   WAR 1    WAR 353    - RUN  5   RUN  4   RUN  7   RUN  10  
  - 24    3 15    2 24    2 0     2 274   0.9 5  12  --  0.08 1   3  --  0.01 5   9  --  0.01 2   7  --  
  SUPE  WAR 59   WAR 28   WAR 1    WAR 353    - RUN  5   RUN  4   RUN  7   RUN  10  
  - 24    3 15    2 24    2 0     2 274   0.9 5  12  --  0.08 1   3  --  0.01 5   9  --  0.01 2   7  --  
  SUPE  WAR 59   WAR 28   WAR 1    WAR 353    - RUN  5   RUN  4   RUN  7   RUN  10  
  - 24    3 15    2 24    2 0     2 274   0.9 5  12  --  0.08 5   8  --  0.01 5   9  --  0.01 2   7  --  
  SUPE  WAR 59   WAR 28   WAR 1    WAR 353    - RUN  5   RUN  4   RUN  7   RUN  10  
  - 24    3 15    2 24    2 0     2 274   0.9 5  12  --  0.08 5   8  --  0.01 5   9  --  0.01 2   7  --  
  SUPE  WAR 59   WAR 28   WAR 1    WAR 353    - RUN  5   RUN  4   RUN  7   RUN  10  
  - 24    3 15    2 24    2 0     2 274   0.9 5  12  --  0.08 5   8  --  0.01 8  17  --  0.01 2   7  --  
  SUPE  WAR 59   WAR 28   WAR 1    WAR 353    - RUN  5   RUN  4   RUN  7   RUN  10  
  - 24    3 15    2 24    2 0     2 274   0.9 5  12  --  0.08 5   8  --  0.01 8  17  --  0.01 2   7  --  
  SUPE  WAR 59   WAR 28   WAR 1    WAR 353    - RUN  5   RUN  4   RUN  7   RUN  10  
  - 24    3 15    2 24    2 0     2 274   0.9 5  12  --  0.08 5   8  --  0.01 8  17  --  0.01 8  15  --  
  SUPE  WAR 59   WAR 28   WAR 1    WAR 353    - RUN  5   RUN  4   RUN  7   RUN  10  
  - 24    3 15    2 24    2 0     2 274   0.9 5  12  --  0.08 5   8  --  0.01 8  17  --  0.01 8  15  --  
  SUPE  WAR 59   WAR 28   WAR 1    WAR 353    - RUN  5   RUN  4   RUN  7   RUN  10  
  - 24    3 15    2 24    2 0     2 274   0.9 4  16  --  0.08 5   8  --  0.01 8  17  --  0.01 8  15  --  
  SUPE  WAR 59   WAR 28   WAR 1    WAR 353    - RUN  5   RUN  4   RUN  7   RUN  10  
  - 24    3 15    2 24    2 0     2 274   0.9 4  16  --  0.08 5   8  --  0.01 8  17  --  0.01 8  15  --  
  SUPE  WAR 59   WAR 28   WAR 1    WAR 353    - RUN  5   RUN  4   RUN  7   RUN  10  
  - 24    3 15    2 24    2 0     2 274   0.9 4  16  --  0.08 2  10  --  0.01 8  17  --  0.01 8  15  --  
  SUPE  WAR 59   WAR 28   WAR 1    WAR 353    - RUN  5   RUN  4   RUN  7   RUN  10  
  - 24    3 15    2 24    2 0     2 274   0.9 4  16  --  0.08 2  10  --  0.01 8  17  --  0.01 8  15  --  
  SUPE  WAR 59   WAR 28   WAR 1    WAR 353    - RUN  5   RUN  4   RUN  7   RUN  10  
  - 24    3 15    2 24    2 0     2 274   0.9 4  16  --  0.08 2  10  --  0.01 7  24  --  0.01 8  15  --  
  SUPE  WAR 59   WAR 28   WAR 1    WAR 353    - RUN  5   RUN  4   AFL  7   RUN  10  
  - 24    3 15    2 24    2 0     2 274   0.9 4  16  --  0.08 2  10  --  0.01 7  24  --  0.01 8  15  --  
  SUPE  WAR 59   WAR 28   WAR 1    WAR 353    - RUN  5   RUN  4   ATS  7   RUN  10  
  - 24    3 15    2 24    2 0     2 274   0.9 4  16  --  0.08 2  10  --  0.01 7  24  --  0.01 8  15  --  
  SUPE  WAR 59   WAR 28   WAR 1    WAR 353    - RUN  5   RUN  4   ATS  7   RUN  10  
  - 24    3 15    2 24    2 0     2 274   0.9 4  16  --  0.08 2  10  --  0.01 7  24  --  0.01 3  18  --  
  SUPE  WAR 59   WAR 28   WAR 1    WAR 353    - RUN  5   RUN  4   ATS  7   RUN  10  
  - 24    3 15    2 24    2 0     2 274   0.9 4  16  --  0.08 2  10  --  0.01 7  24  --  0.01 3  18  --  
  SUPE  WAR 59   WAR 28   WAR 1    WAR 353    - RUN  5   RUN  4   ATS  7   RUN  10  
  - 24    3 15    2 24    2 0     2 274   0.9 2  18  --  0.08 2  10  --  0.01 7  24  --  0.01 3  18  --  
  SUPE  WAR 59   WAR 28   WAR 1    WAR 353    - RUN  5   RUN  4   ATS  7   RUN  10  
  - 24    3 15    2 24    2 0     2 274   0.9 2  18  --  0.08 2  10  --  0.01 7  24  --  0.01 3  18  --  
  SUPE  WAR 59   WAR 28   WAR 1    WAR 353    - RUN  5   RUN  4   ATS  7   RUN  10  
  - 24    3 15    2 24    2 0     2 274   0.9 2  18  --  0.08 4  14  --  0.01 7  24  --  0.01 3  18  --  
  SUPE  WAR 59   WAR 28   WAR 1    WAR 353    - RUN  5   RUN  4   ATS  7   RUN  10  
  - 24    3 15    2 24    2 0     2 274   0.9 2  18  --  0.08 4  14  --  0.01 7  24  --  0.01 3  18  --  
  SUPE  WAR 59   WAR 28   WAR 1    WAR 353    - RUN  5   RUN  4   ATS  7   RUN  10  
  - 24    3 15    2 24    2 0     2 274   0.9 2  18  --  0.08 4  14  --  0.01 7  24  --  0.01 8  26  --  
  SUPE  WAR 59   WAR 28   WAR 1    WAR 353    - RUN  5   RUN  4   ATS  7   AFL  10  
  - 24    3 15    2 24    2 0     2 274   0.9 2  18  --  0.08 4  14  --  0.01 7  24  --  0.01 8  26  --  
  SUPE  WAR 59   WAR 28   WAR 1    WAR 353    - RUN  5   RUN  4   ATS  7   ATS  10  
  - 24    3 15    2 24    2 0     2 274   0.9 2  18  --  0.08 4  14  --  0.01 7  24  --  0.01 8  26  --  
  SUPE  WAR 59   WAR 28   WAR 1    WAR 353    - RUN  5   RUN  4   ATS  7   ATS  10  
  - 24    3 15    2 24    2 0     2 274   0.9 4  22  --  0.08 4  14  --  0.01 7  24  --  0.01 8  26  --  
  SUPE  WAR 59   WAR 28   WAR 1    WAR 353    - RUN  5   RUN  4   ATS  7   ATS  10  
  - 24    3 15    2 24    2 0     2 274   0.9 4  22  --  0.08 4  14  --  0.01 7  24  --  0.01 8  26  --  
  SUPE  WAR 59   WAR 28   WAR 1    WAR 353    - RUN  5   RUN  4   ATS  7   ATS  10  
  - 24    3 15    2 24    2 0     2 274   0.9 4  22  --  0.08 2  16  --  0.01 7  24  --  0.01 8  26  --  
  SUPE  WAR 59   WAR 28   WAR 1    WAR 353    - RUN  5   RUN  4   ATS  7   ATS  10  
  - 24    3 15    2 24    2 0     2 274   0.9 4  22  --  0.08 2  16  --  0.01 7  24  --  0.01 8  26  --  
  SUPE  WAR 59   WAR 28   WAR 1    WAR 353    - RUN  5   RUN  4   ATS  7   ATS  10  
  - 24    3 15    2 24    2 0     2 274   0.9 5  27  --  0.08 2  16  --  0.01 7  24  --  0.01 8  26  --  
  SUPE  WAR 59   WAR 28   WAR 1    WAR 353    - AFL  5   RUN  4   ATS  7   ATS  10  
  - 24    3 15    2 24    2 0     2 274   0.9 5  27  --  0.08 2  16  --  0.01 7  24  --  0.01 8  26  --  
  SUPE  WAR 59   WAR 28   WAR 1    WAR 353    - ATS  5   RUN  4   ATS  7   ATS  10  
  - 24    3 15    2 24    2 0     2 274   0.9 5  27  --  0.08 2  16  --  0.01 7  24  --  0.01 8  26  --  
  SUPE  WAR 59   WAR 28   WAR 1    WAR 353    - ATS  5   RUN  4   ATS  7   ATS  10  
  - 24    3 15    2 24    2 0     2 274   0.9 5  27  --  0.08 5  21  --  0.01 7  24  --  0.01 8  26  --  
  SUPE  WAR 59   WAR 28   WAR 1    WAR 353    - ATS  5   RUN  4   ATS  7   ATS  10  
  - 24    3 15    2 24    2 0     2 274   0.9 5  27  --  0.08 5  21  --  0.01 7  24  --  0.01 8  26  --  
  SUPE  WAR 59   WAR 28   WAR 1    WAR 353    - ATS  5   RUN  4   ATS  7   ATS  10  
  - 24    3 15    2 24    2 0     2 274   0.9 5  27  --  0.08 1  22  --  0.01 7  24  --  0.01 8  26  --  
  SUPE  WAR 59   WAR 28   WAR 1    WAR 353    - ATS  5   RUN  4   ATS  7   ATS  10  
  - 24    3 15    2 24    2 0     2 274   0.9 5  27  --  0.08 1  22  --  0.01 7  24  --  0.01 8  26  --  
  SUPE  WAR 59   WAR 28   WAR 1    WAR 353    - ATS  5   RUN  4   ATS  7   ATS  10  
  - 24    3 15    2 24    2 0     2 274   0.9 5  27  --  0.08 5  27  --  0.01 7  24  --  0.01 8  26  --  
  SUPE  WAR 59   WAR 28   WAR 1    WAR 353    - ATS  5   AFL  4   ATS  7   ATS  10  
  - 24    3 15    2 24    2 0     2 274   0.9 5  27  --  0.08 5  27  --  0.01 7  24  --  0.01 8  26  --  
  SETA  WAR 59   WAR 28   WAR 1    WAR 353    - ATS  5   AFL  4   ATS  7   ATS  10  
  - 24    3 15    2 24    2 0     2 274   0.9 5  27  --  0.08 5  27  --  0.01 7  24  --  0.01 8  26  --  
  SETA  WAR 59   WAR 28   WAR 1    WAR 353    - ATS  5   ATS  4   ATS  7   ATS  10  
  - 24    3 15    2 24    2 0     2 274   0.9 5  27  --  0.08 5  27  --  0.01 7  24  --  0.01 8  26  --  
  SETA  WAR 59   WAR 28   WAR 1    WAR 353    - ATS  5   ATS  4   ATS  7   ATS  10  
  - 24    3 15    2 24    2 0     2 274   0.9 5  27  --  0.08 5  27  --  0.01 7  24  --  0.01 8  26  --  
  SETA  WAR 59   WAR 28   WAR 1    WRS 353    - ATS  5   ATS  4   ATS  7   ATS  10  
  - 24    3 15    2 24    2 0     2 274   0.9 5  27  --  0.08 5  27  --  0.01 7  24  --  0.01 8  26  --  
  SETA  WAR 59   WAR 28   WAR 1    WRS 353    - ATS  5   ATS  4   ATS  7   ATS  10  
  - 24    3 15    2 24    2 0     2 274   0.9 5  27  --  0.08 5  27  --  0.01 7  24  --  0.01 8  26  --  
  SETA  WAR 59   WRS 28   WAR 1    WRS 353    - ATS  5   ATS  4   ATS  7   ATS  10  
  - 24    3 15    2 24    2 0     2 274   0.9 5  27  --  0.08 5  27  --  0.01 7  24  --  0.01 8  26  --  
  SETA  WAR 59   WRS 28   WAR 1    WRS 353    - ATS  5   ATS  4   ATS  7   ATS  10  
  - 24    3 15    2 24    2 0     2 274   0.9 5  27  --  0.08 5  27  --  0.01 7  24  --  0.01 8  26  --  
  SETA  CTG 59   WRS 28   WAR 1    WRS 353    - ATS  5   ATS  4   ATS  7   ATS  10  
  - 24    3 15    2 24    2 0     2 274   0.9 5  27  --  0.08 5  27  --  0.01 7  24  --  0.01 8  26  --  
  SETA  CTG 59   WRS 28   WAR 1    WRS 353    - ATS  5   ATS  4   ATS  7   ATS  10  
  - 24    3 15    2 24    2 0     2 274   0.9 5  27  --  0.08 5  27  --  0.01 7  24  --  0.01 8  26  --  
  SETA  CTG 59   WRS 28   WRS 1    WRS 353    - ATS  5   ATS  4   ATS  7   ATS  10  
  - 24    3 15    2 24    2 0     2 274   0.9 5  27  --  0.08 5  27  --  0.01 7  24  --  0.01 8  26  --  
  NEXT  CTG 59   WRS 28   WRS 1    WRS 353    - ATS  5   ATS  4   ATS  7   ATS  10  
  - 24    3 15    2 24    2 0     2 274   0.9 5  27  --  0.08 5  27  --  0.01 7  24  --  0.01 8  26  --  
  NEXT  WRS 59   WRS 28   WRS 1    WRS 353    - ATS  5   ATS  4   ATS  7   ATS  10  
  - 24    3 15    2 24    2 0     2 274   0.9 5  27  --  0.08 5  27  --  0.01 7  24  --  0.01 8  26  --  
  NEXT  WRS 59   WRS 28   WRS 1    WRS 353    - ATS  5   ATP  4   ATS  7   ATS  10  
  - 24    3 15    2 24    2 0     2 274   0.9 5  27  --  0.08 5  27  --  0.01 7  24  --  0.01 8  26  --  
  NEXT  WRS 59   WRS 28   WRS 1    WRS 353    - ATS  5   ATP  4   ATS  7   ATS  10  
  - 24    3 15    2 24    2 0     2 274   0.9 5  27  --  0.08 5  27  --  0.01 7  24  --  0.01 8  26  --  
  NEXT  WRS 59   WRS 28   WRS 1    WRS 353    - ATS  5   ATP  4   ATS  7   ATS  10  
  - 24    3 15    2 24    2 0     2 274   0.9 5  27  --  0.08 5  27  --  0.01 7  24  --  0.01 8  26  --  
  NEXT  WRS 59   WRS 28   WRS 1    WRS 353    - ATP  5   ATP  4   ATS  7   ATS  10  
  - 24    3 15    2 24    2 0     2 274   0.9 5  27  --  0.08 5  27  --  0.01 7  24  --  0.01 8  26  --  
  NEXT  WRS 59   WRS 28   WRS 1    WRS 353    - ATP  5   ATP  4   ATS  7   ATS  10  
  - 24    3 15    2 24    2 0     2 274   0.9 5  27  --  0.08 5  27  --  0.01 7  24  --  0.01 8  26  --  
  NEXT  WRS 59   WRS 28   WRS 1    WRS 353    - ATP  5   ATP  4   ATS  7   ATP  10  
  - 24    3 15    2 24    2 0     2 274   0.9 5  27  --  0.08 5  27  --  0.01 7  24  --  0.01 8  26  --  
  NEXT  WRS 59   WRS 28   WRS 1    WRS 353    - ATP  5   ATP  4   ATS  7   ATP  10  
  - 24    3 15    2 24    2 0     2 274   0.9 5  27  --  0.08 5  27  --  0.01 7  24  --  0.01 8  26  --  
  NEXT  WRS 59   WRS 28   WRS 1    WRS 353    - ATP  5   ATP  4   ATS  7   ATP  10  
  - 24    3 15    2 24    2 0     2 274   0.9 5  27  --  0.08 5  27  --  0.01 7  24  --  0.01 8  26  --  
  NEXT  WRS 59   WRS 28   WRS 1    WRS 353    - ATP  5   ATP  4   ATS  7   ATP  10  
  - 24    3 15    2 24    2 0     2 274   0.9 5  27  --  0.08 5  27  --  0.01 7  24  --  0.01 8  26  --  
  NEXT  WRS 59   WRS 28   WRS 1    WRS 353    - ATP  5   ATP  4   ATP  7   ATP  10  
  - 24    3 15    2 24    2 0     2 274   0.9 5  27  --  0.08 5  27  --  0.01 7  24  --  0.01 8  26  --  
  NEXT  WRS 1981 WRS 28   WRS 0    WRS 78     - ATP  5   ATP  4   ATP  7   ATP  10  
  - 24    3 15    2 24    2 0     2 274   0.9 5  27  --  0.08 5  27  --  0.01 7  24  --  0.01 8  26  --  
  NEXT  WRS 1981 WRS 4    WRS 0    WRS 78     - ATP  5   ATP  4   ATP  7   ATP  10  
  - 24    3 15    2 24    2 0     2 274   0.9 5  27  --  0.08 5  27  --  0.01 7  24  --  0.01 8  26  --  
  NEXT  WRS 1981 ATH 4    WRS 0    WRS 78     - ATP  5   ATP  4   ATP  7   ATP  10  
  - 24    3 15    2 24    2 0     2 274   0.9 5  27  --  0.08 5  27  --  0.01 7  24  --  0.01 8  26  --  
  NEXT  WRS 1981 ATH 4    WRS 0    ATH 78     - ATP  5   ATP  4   ATP  7   ATP  10  
  - 24    3 15    2 24    2 0     2 274   0.9 5  27  --  0.08 5  27  --  0.01 7  24  --  0.01 8  26  --  
  NEXT  WRS 1981 ATH 4    ATH 0    ATH 78     - ATP  5   ATP  4   ATP  7   ATP  10  
  - 24    3 15    2 24    2 0     2 274   0.9 5  27  --  0.08 5  27  --  0.01 7  24  --  0.01 8  26  --  
  NEXT  ATH 1981 ATH 4    ATH 0    ATH 78     - ATP  5   ATP  4   ATP  7   ATP  10  
  - 24    3 15    2 24    2 0     2 274   0.9 5  27  --  0.08 5  27  --  0.01 7  24  --  0.01 8  26  --  
  NEXT  ATH 1981 ATH 4    ATH 0    ATH 78     - ATP  5   ATP  4   ASL  7   ATP  10  
  - 24    3 15    2 24    2 0     2 274   0.9 5  27  --  0.08 5  27  --  0.01 7  24  --  0.01 8  26  --  
  NEXT  ATH 1981 ATH 4    ATH 0    ATH 78     - ATP  5   ATP  4   ASL  7   ASL  10  
  - 24    3 15    2 24    2 0     2 274   0.9 5  27  --  0.08 5  27  --  0.01 7  24  --  0.01 8  26  --  
  NEXT  ATH 1981 ATH 4    ATH 0    ATH 78     - ASL  5   ATP  4   ASL  7   ASL  10  
  - 24    3 15    2 24    2 0     2 274   0.9 5  27  --  0.08 5  27  --  0.01 7  24  --  0.01 8  26  --  
  NEXT  ATH 1981 ATH 4    ATH 0    ATH 78     - ASL  5   ASL  4   ASL  7   ASL  10  
  - 24    3 15    2 24    2 0     2 274   0.9 5  27  --  0.08 5  27  --  0.01 7  24  --  0.01 8  26  --  
  WBET  ATH 1981 ATH 4    ATH 0    ATH 78     - ASL  5   ASL  4   ASL  7   ASL  10  
  - 24    3 15    2 24    2 0     2 274   0.9 5  27  --  0.08 5  27  --  0.01 7  24  --  0.01 8  26  --  
  WBET  ATH 1981 ATH 4    ATH 0    PAB 78     - ASL  5   ASL  4   ASL  7   ASL  10  
  - 24    3 15    2 24    2 0     3 3     0.9 5  27  --  0.08 5  27  --  0.01 7  24  --  0.01 8  26  --  
  WBET  ATH 1981 ATH 4    ATH 0    WAR 78     - ASL  5   ASL  4   ASL  7   ASL  10  
  - 24    3 15    2 24    2 0     3 3     0.9 5  27  --  0.08 5  27  --  0.01 7  24  --  0.01 8  26  --  
  WBET  ATH 1981 ATH 4    PAB 0    WAR 78     - ASL  5   ASL  4   ASL  7   ASL  10  
  - 24    3 15    2 24    1 0     3 3     0.9 5  27  --  0.08 5  27  --  0.01 7  24  --  0.01 8  26  --  
  WBET  ATH 1981 ATH 4    WAR 0    WAR 78     - ASL  5   ASL  4   ASL  7   ASL  10  
  - 24    3 15    2 24    1 0     3 3     0.9 5  27  --  0.08 5  27  --  0.01 7  24  --  0.01 8  26  --  
  WBET  PAB 1981 ATH 4    WAR 0    WAR 78     - ASL  5   ASL  4   ASL  7   ASL  10  
  - 24    3 790   2 24    1 0     3 3     0.9 5  27  --  0.08 5  27  --  0.01 7  24  --  0.01 8  26  --  
  WBET  PAB 1981 PAB 4    WAR 0    WAR 78     - ASL  5   ASL  4   ASL  7   ASL  10  
  - 24    3 790   2 1     1 0     3 3     0.9 5  27  --  0.08 5  27  --  0.01 7  24  --  0.01 8  26  --  
  WBET  WAR 1981 PAB 4    WAR 0    WAR 78     - ASL  5   ASL  4   ASL  7   ASL  10  
  - 24    3 790   2 1     1 0     3 3     0.9 5  27  --  0.08 5  27  --  0.01 7  24  --  0.01 8  26  --  
  WBET  WAR 1981 WAR 4    WAR 0    WAR 78     - ASL  5   ASL  4   ASL  7   ASL  10  
  - 24    3 790   2 1     1 0     3 3     0.9 5  27  --  0.08 5  27  --  0.01 7  24  --  0.01 8  26  --  
  SUPE  WAR 1981 WAR 4    WAR 0    WAR 78     - ASL  5   ASL  4   ASL  7   ASL  10  
  - 24    3 790   2 1     1 0     3 3     0.9 5  27  --  0.08 5  27  --  0.01 7  24  --  0.01 8  26  --  
  SUPE  WAR 1981 WAR 4    WAR 0    WAR 78     - ASL  5   RUN  4   ASL  7   ASL  10  
  - 24    3 790   2 1     1 0     3 3     0.9 5  27  --  0.08 5  27  --  0.01 7  24  --  0.01 8  26  --  
  SUPE  WAR 1981 WAR 4    WAR 0    WAR 78     - RUN  5   RUN  4   ASL  7   ASL  10  
  - 24    3 790   2 1     1 0     3 3     0.9 5  27  --  0.08 5  27  --  0.01 7  24  --  0.01 8  26  --  
  SUPE  WAR 1981 WAR 4    WAR 0    WAR 78     - RUN  5   RUN  4   ASL  7   ASL  10  
  - 24    3 790   2 1     1 0     3 3     0.9 6   6  --  0.08 5  27  --  0.01 7  24  --  0.01 8  26  --  
  SUPE  WAR 1981 WAR 4    WAR 0    WAR 78     - RUN  5   RUN  4   ASL  7   ASL  10  
  - 24    3 790   2 1     1 0     3 3     0.9 6   6  --  0.08 5  27  --  0.01 7  24  --  0.01 8  26  --  
  SUPE  WAR 1981 WAR 4    WAR 0    WAR 78     - RUN  5   RUN  4   ASL  7   RUN  10  
  - 24    3 790   2 1     1 0     3 3     0.9 6   6  --  0.08 5  27  --  0.01 7  24  --  0.01 8  26  --  
  SUPE  WAR 1981 WAR 4    WAR 0    WAR 78     - RUN  5   RUN  4   RUN  7   RUN  10  
  - 24    3 790   2 1     1 0     3 3     0.9 6   6  --  0.08 5  27  --  0.01 7  24  --  0.01 8  26  --  
  SUPE  WAR 1981 WAR 4    WAR 0    WAR 78     - RUN  5   RUN  4   RUN  7   RUN  10  
  - 24    3 790   2 1     1 0     3 3     0.9 6   6  --  0.08 2   2  --  0.01 7  24  --  0.01 8  26  --  
  SUPE  WAR 1981 WAR 4    WAR 0    WAR 78     - RUN  5   RUN  4   RUN  7   RUN  10  
  - 24    3 790   2 1     1 0     3 3     0.9 6   6  --  0.08 2   2  --  0.01 7  24  --  0.01 8  26  --  
  SUPE  WAR 1981 WAR 4    WAR 0    WAR 78     - RUN  5   RUN  4   RUN  7   RUN  10  
  - 24    3 790   2 1     1 0     3 3     0.9 6   6  --  0.08 2   2  --  0.01 6   6  --  0.01 8  26  --  
  SUPE  WAR 1981 WAR 4    WAR 0    WAR 78     - RUN  5   RUN  4   RUN  7   RUN  10  
  - 24    3 790   2 1     1 0     3 3     0.9 6   6  --  0.08 2   2  --  0.01 6   6  --  0.01 8  26  --  
  SUPE  WAR 1981 WAR 4    WAR 0    WAR 78     - RUN  5   RUN  4   RUN  7   RUN  10  
  - 24    3 790   2 1     1 0     3 3     0.9 6   6  --  0.08 2   2  --  0.01 6   6  --  0.01 8   8  --  
  SUPE  WAR 1981 WAR 4    WAR 0    WAR 78     - RUN  5   RUN  4   RUN  7   RUN  10  
  - 24    3 790   2 1     1 0     3 3     0.9 6   6  --  0.08 2   2  --  0.01 6   6  --  0.01 8   8  --  
  SUPE  WAR 1981 WAR 4    WAR 0    WAR 78     - RUN  5   RUN  4   RUN  7   RUN  10  
  - 24    3 790   2 1     1 0     3 3     0.9 5  11  --  0.08 2   2  --  0.01 6   6  --  0.01 8   8  --  
  SUPE  WAR 1981 WAR 4    WAR 0    WAR 78     - RUN  5   RUN  4   RUN  7   RUN  10  
  - 24    3 790   2 1     1 0     3 3     0.9 5  11  --  0.08 2   2  --  0.01 6   6  --  0.01 8   8  --  
  SUPE  WAR 1981 WAR 4    WAR 0    WAR 78     - RUN  5   RUN  4   RUN  7   RUN  10  
  - 24    3 790   2 1     1 0     3 3     0.9 5  11  --  0.08 1   3  --  0.01 6   6  --  0.01 8   8  --  
  SUPE  WAR 1981 WAR 4    WAR 0    WAR 78     - RUN  5   RUN  4   RUN  7   RUN  10  
  - 24    3 790   2 1     1 0     3 3     0.9 5  11  --  0.08 1   3  --  0.01 6   6  --  0.01 8   8  --  
  SUPE  WAR 1981 WAR 4    WAR 0    WAR 78     - RUN  5   RUN  4   RUN  7   RUN  10  
  - 24    3 790   2 1     1 0     3 3     0.9 5  11  --  0.08 1   3  --  0.01 3   9  --  0.01 8   8  --  
  SUPE  WAR 1981 WAR 4    WAR 0    WAR 78     - RUN  5   RUN  4   RUN  7   RUN  10  
  - 24    3 790   2 1     1 0     3 3     0.9 5  11  --  0.08 1   3  --  0.01 3   9  --  0.01 8   8  --  
  SUPE  WAR 1981 WAR 4    WAR 0    WAR 78     - RUN  5   RUN  4   RUN  7   RUN  10  
  - 24    3 790   2 1     1 0     3 3     0.9 5  11  --  0.08 1   3  --  0.01 3   9  --  0.01 5  13  --  
  SUPE  WAR 1981 WAR 4    WAR 0    WAR 78     - RUN  5   RUN  4   RUN  7   RUN  10  
  - 24    3 790   2 1     1 0     3 3     0.9 5  11  --  0.08 1   3  --  0.01 3   9  --  0.01 5  13  --  
  SUPE  WAR 1981 WAR 4    WAR 0    WAR 78     - RUN  5   RUN  4   RUN  7   RUN  10  
  - 24    3 790   2 1     1 0     3 3     0.9 5  16  --  0.08 1   3  --  0.01 3   9  --  0.01 5  13  --  
  SUPE  WAR 1981 WAR 4    WAR 0    WAR 78     - RUN  5   RUN  4   RUN  7   RUN  10  
  - 24    3 790   2 1     1 0     3 3     0.9 5  16  --  0.08 1   3  --  0.01 3   9  --  0.01 5  13  --  
  SUPE  WAR 1981 WAR 4    WAR 0    WAR 78     - RUN  5   RUN  4   RUN  7   RUN  10  
  - 24    3 790   2 1     1 0     3 3     0.9 5  16  --  0.08 2   5  --  0.01 3   9  --  0.01 5  13  --  
  SUPE  WAR 1981 WAR 4    WAR 0    WAR 78     - RUN  5   RUN  4   RUN  7   RUN  10  
  - 24    3 790   2 1     1 0     3 3     0.9 5  16  --  0.08 2   5  --  0.01 3   9  --  0.01 5  13  --  
  SUPE  WAR 1981 WAR 4    WAR 0    WAR 78     - RUN  5   RUN  4   RUN  7   RUN  10  
  - 24    3 790   2 1     1 0     3 3     0.9 5  16  --  0.08 2   5  --  0.01 3  12  --  0.01 5  13  --  
  SUPE  WAR 1981 WAR 4    WAR 0    WAR 78     - RUN  5   RUN  4   RUN  7   RUN  10  
  - 24    3 790   2 1     1 0     3 3     0.9 5  16  --  0.08 2   5  --  0.01 3  12  --  0.01 5  13  --  
  SUPE  WAR 1981 WAR 4    WAR 0    WAR 78     - RUN  5   RUN  4   RUN  7   RUN  10  
  - 24    3 790   2 1     1 0     3 3     0.9 5  16  --  0.08 2   5  --  0.01 3  12  --  0.01 6  19  --  
  SUPE  WAR 1981 WAR 4    WAR 0    WAR 78     - RUN  5   RUN  4   RUN  7   RUN  10  
  - 24    3 790   2 1     1 0     3 3     0.9 5  16  --  0.08 2   5  --  0.01 3  12  --  0.01 6  19  --  
  SUPE  WAR 1981 WAR 4    WAR 0    WAR 78     - RUN  5   RUN  4   RUN  7   RUN  10  
  - 24    3 790   2 1     1 0     3 3     0.9 6  22  --  0.08 2   5  --  0.01 3  12  --  0.01 6  19  --  
  SUPE  WAR 1981 WAR 4    WAR 0    WAR 78     - RUN  5   RUN  4   RUN  7   RUN  10  
  - 24    3 790   2 1     1 0     3 3     0.9 6  22  --  0.08 2   5  --  0.01 3  12  --  0.01 6  19  --  
  SUPE  WAR 1981 WAR 4    WAR 0    WAR 78     - RUN  5   RUN  4   RUN  7   RUN  10  
  - 24    3 790   2 1     1 0     3 3     0.9 6  22  --  0.08 3   8  --  0.01 3  12  --  0.01 6  19  --  
  SUPE  WAR 1981 WAR 4    WAR 0    WAR 78     - RUN  5   RUN  4   RUN  7   RUN  10  
  - 24    3 790   2 1     1 0     3 3     0.9 6  22  --  0.08 3   8  --  0.01 3  12  --  0.01 6  19  --  
  SUPE  WAR 1981 WAR 4    WAR 0    WAR 78     - RUN  5   RUN  4   RUN  7   RUN  10  
  - 24    3 790   2 1     1 0     3 3     0.9 6  22  --  0.08 3   8  --  0.01 5  17  --  0.01 6  19  --  
  SUPE  WAR 1981 WAR 4    WAR 0    WAR 78     - RUN  5   RUN  4   RUN  7   RUN  10  
  - 24    3 790   2 1     1 0     3 3     0.9 6  22  --  0.08 3   8  --  0.01 5  17  --  0.01 6  19  --  
  SUPE  WAR 1981 WAR 4    WAR 0    WAR 78     - RUN  5   RUN  4   RUN  7   RUN  10  
  - 24    3 790   2 1     1 0     3 3     0.9 6  22  --  0.08 3   8  --  0.01 5  17  --  0.01 9  28  --  
  SUPE  WAR 1981 WAR 4    WAR 0    WAR 78     - RUN  5   RUN  4   RUN  7   AFL  10  
  - 24    3 790   2 1     1 0     3 3     0.9 6  22  --  0.08 3   8  --  0.01 5  17  --  0.01 9  28  --  
  SUPE  WAR 1981 WAR 4    WAR 0    WAR 78     - RUN  5   RUN  4   RUN  7   ATS  10  
  - 24    3 790   2 1     1 0     3 3     0.9 6  22  --  0.08 3   8  --  0.01 5  17  --  0.01 9  28  --  
  SUPE  WAR 1981 WAR 4    WAR 0    WAR 78     - RUN  5   RUN  4   RUN  7   ATS  10  
  - 24    3 790   2 1     1 0     3 3     0.9 2  24  --  0.08 3   8  --  0.01 5  17  --  0.01 9  28  --  
  SUPE  WAR 1981 WAR 4    WAR 0    WAR 78     - AFL  5   RUN  4   RUN  7   ATS  10  
  - 24    3 790   2 1     1 0     3 3     0.9 2  24  --  0.08 3   8  --  0.01 5  17  --  0.01 9  28  --  
  SUPE  WAR 1981 WAR 4    WAR 0    WAR 78     - ATS  5   RUN  4   RUN  7   ATS  10  
  - 24    3 790   2 1     1 0     3 3     0.9 2  24  --  0.08 3   8  --  0.01 5  17  --  0.01 9  28  --  
  SUPE  WAR 1981 WAR 4    WAR 0    WAR 78     - ATS  5   RUN  4   RUN  7   ATS  10  
  - 24    3 790   2 1     1 0     3 3     0.9 2  24  --  0.08 4  12  --  0.01 5  17  --  0.01 9  28  --  
  SUPE  WAR 1981 WAR 4    WAR 0    WAR 78     - ATS  5   RUN  4   RUN  7   ATS  10  
  - 24    3 790   2 1     1 0     3 3     0.9 2  24  --  0.08 4  12  --  0.01 5  17  --  0.01 9  28  --  
  SUPE  WAR 1981 WAR 4    WAR 0    WAR 78     - ATS  5   RUN  4   RUN  7   ATS  10  
  - 24    3 790   2 1     1 0     3 3     0.9 2  24  --  0.08 4  12  --  0.01 3  20  --  0.01 9  28  --  
  SUPE  WAR 1981 WAR 4    WAR 0    WAR 78     - ATS  5   RUN  4   RUN  7   ATS  10  
  - 24    3 790   2 1     1 0     3 3     0.9 2  24  --  0.08 4  12  --  0.01 3  20  --  0.01 9  28  --  
  SUPE  WAR 1981 WAR 4    WAR 0    WAR 78     - ATS  5   RUN  4   RUN  7   ATS  10  
  - 24    3 790   2 1     1 0     3 3     0.9 2  24  --  0.08 3  15  --  0.01 3  20  --  0.01 9  28  --  
  SUPE  WAR 1981 WAR 4    WAR 0    WAR 78     - ATS  5   RUN  4   RUN  7   ATS  10  
  - 24    3 790   2 1     1 0     3 3     0.9 2  24  --  0.08 3  15  --  0.01 3  20  --  0.01 9  28  --  
  SUPE  WAR 1981 WAR 4    WAR 0    WAR 78     - ATS  5   RUN  4   RUN  7   ATS  10  
  - 24    3 790   2 1     1 0     3 3     0.9 2  24  --  0.08 3  15  --  0.01 6  26  --  0.01 9  28  --  
  SUPE  WAR 1981 WAR 4    WAR 0    WAR 78     - ATS  5   RUN  4   AFL  7   ATS  10  
  - 24    3 790   2 1     1 0     3 3     0.9 2  24  --  0.08 3  15  --  0.01 6  26  --  0.01 9  28  --  
  SUPE  WAR 1981 WAR 4    WAR 0    WAR 78     - ATS  5   RUN  4   ATS  7   ATS  10  
  - 24    3 790   2 1     1 0     3 3     0.9 2  24  --  0.08 3  15  --  0.01 6  26  --  0.01 9  28  --  
  SUPE  WAR 1981 WAR 4    WAR 0    WAR 78     - ATS  5   RUN  4   ATS  7   ATS  10  
  - 24    3 790   2 1     1 0     3 3     0.9 2  24  --  0.08 3  18  --  0.01 6  26  --  0.01 9  28  --  
  SUPE  WAR 1981 WAR 4    WAR 0    WAR 78     - ATS  5   RUN  4   ATS  7   ATS  10  
  - 24    3 790   2 1     1 0     3 3     0.9 2  24  --  0.08 3  18  --  0.01 6  26  --  0.01 9  28  --  
  SUPE  WAR 1981 WAR 4    WAR 0    WAR 78     - ATS  5   RUN  4   ATS  7   ATS  10  
  - 24    3 790   2 1     1 0     3 3     0.9 2  24  --  0.08 5  23  --  0.01 6  26  --  0.01 9  28  --  
  SUPE  WAR 1981 WAR 4    WAR 0    WAR 78     - ATS  5   RUN  4   ATS  7   ATS  10  
  - 24    3 790   2 1     1 0     3 3     0.9 2  24  --  0.08 5  23  --  0.01 6  26  --  0.01 9  28  --  
  SUPE  WAR 1981 WAR 4    WAR 0    WAR 78     - ATS  5   RUN  4   ATS  7   ATS  10  
  - 24    3 790   2 1     1 0     3 3     0.9 2  24  --  0.08 3  26  --  0.01 6  26  --  0.01 9  28  --  
  SUPE  WAR 1981 WAR 4    WAR 0    WAR 78     - ATS  5   AFL  4   ATS  7   ATS  10  
  - 24    3 790   2 1     1 0     3 3     0.9 2  24  --  0.08 3  26  --  0.01 6  26  --  0.01 9  28  --  
  SUPE  WAR 1981 WAR 4    WAR 0    WAR 78     - ATS  5   ATS  4   ATS  7   ATS  10  
  - 24    3 790   2 1     1 0     3 3     0.9 2  24  --  0.08 3  26  --  0.01 6  26  --  0.01 9  28  --  
  SETA  WAR 1981 WAR 4    WAR 0    WAR 78     - ATS  5   ATS  4   ATS  7   ATS  10  
  - 24    3 790   2 1     1 0     3 3     0.9 2  24  --  0.08 3  26  --  0.01 6  26  --  0.01 9  28  --  
  SETA  WAR 1981 WAR 4    WAR 0    WAR 78     - ATS  5   ATS  4   ATS  7   ATS  10  
  - 24    3 790   2 1     1 0     3 3     0.9 2  24  --  0.08 3  26  --  0.01 6  26  --  0.01 9  28  --  
  SETA  WRS 1981 WAR 4    WAR 0    WAR 78     - ATS  5   ATS  4   ATS  7   ATS  10  
  - 24    3 790   2 1     1 0     3 3     0.9 2  24  --  0.08 3  26  --  0.01 6  26  --  0.01 9  28  --  
  SETA  WRS 1981 WAR 4    WAR 0    WAR 78     - ATS  5   ATS  4   ATS  7   ATS  10  
  - 24    3 790   2 1     1 0     3 3     0.9 2  24  --  0.08 3  26  --  0.01 6  26  --  0.01 9  28  --  
  SETA  WRS 1981 WAR 4    WAR 0    WRS 78     - ATS  5   ATS  4   ATS  7   ATS  10  
  - 24    3 790   2 1     1 0     3 3     0.9 2  24  --  0.08 3  26  --  0.01 6  26  --  0.01 9  28  --  
  SETA  WRS 1981 WAR 4    WAR 0    WRS 78     - ATS  5   ATS  4   ATS  7   ATS  10  
  - 24    3 790   2 1     1 0     3 3     0.9 2  24  --  0.08 3  26  --  0.01 6  26  --  0.01 9  28  --  
  SETA  WRS 1981 WAR 4    WRS 0    WRS 78     - ATS  5   ATS  4   ATS  7   ATS  10  
  - 24    3 790   2 1     1 0     3 3     0.9 2  24  --  0.08 3  26  --  0.01 6  26  --  0.01 9  28  --  
  NEXT  WRS 1981 WAR 4    WRS 0    WRS 78     - ATS  5   ATS  4   ATS  7   ATS  10  
  - 24    3 790   2 1     1 0     3 3     0.9 2  24  --  0.08 3  26  --  0.01 6  26  --  0.01 9  28  --  
  NEXT  WRS 1981 WAR 4    WRS 0    WRS 78     - ATS  5   ATS  4   ATS  7   ATS  10  
  - 24    3 790   2 1     1 0     3 3     0.9 2  24  --  0.08 3  26  --  0.01 6  26  --  0.01 9  28  --  
  NEXT  WRS 1981 WRS 4    WRS 0    WRS 78     - ATS  5   ATS  4   ATS  7   ATS  10  
  - 24    3 790   2 1     1 0     3 3     0.9 2  24  --  0.08 3  26  --  0.01 6  26  --  0.01 9  28  --  
  NEXT  WRS 1981 WRS 4    WRS 0    WRS 78     - ATS  5   ATP  4   ATS  7   ATS  10  
  - 24    3 790   2 1     1 0     3 3     0.9 2  24  --  0.08 3  26  --  0.01 6  26  --  0.01 9  28  --  
  NEXT  WRS 1981 WRS 4    WRS 0    WRS 78     - ATS  5   ATP  4   ATS  7   ATS  10  
  - 24    3 790   2 1     1 0     3 3     0.9 2  24  --  0.08 3  26  --  0.01 6  26  --  0.01 9  28  --  
  NEXT  WRS 1981 WRS 4    WRS 0    WRS 78     - ATS  5   ATP  4   ATS  7   ATS  10  
  - 24    3 790   2 1     1 0     3 3     0.9 2  24  --  0.08 3  26  --  0.01 6  26  --  0.01 9  28  --  
  NEXT  WRS 1981 WRS 4    WRS 0    WRS 78     - ATS  5   ATP  4   ATP  7   ATS  10  
  - 24    3 790   2 1     1 0     3 3     0.9 2  24  --  0.08 3  26  --  0.01 6  26  --  0.01 9  28  --  
  NEXT  WRS 1981 WRS 4    WRS 0    WRS 78     - ATS  5   ATP  4   ATP  7   ATS  10  
  - 24    3 790   2 1     1 0     3 3     0.9 2  24  --  0.08 3  26  --  0.01 6  26  --  0.01 9  28  --  
  NEXT  WRS 1981 WRS 4    WRS 0    WRS 78     - ATS  5   ATP  4   ATP  7   ATS  10  
  - 24    3 790   2 1     1 0     3 3     0.9 2  24  --  0.08 3  26  --  0.01 6  26  --  0.01 9  28  --  
  NEXT  WRS 1981 WRS 4    WRS 0    WRS 78     - ATP  5   ATP  4   ATP  7   ATS  10  
  - 24    3 790   2 1     1 0     3 3     0.9 2  24  --  0.08 3  26  --  0.01 6  26  --  0.01 9  28  --  
  NEXT  WRS 1981 WRS 4    WRS 0    WRS 78     - ATP  5   ATP  4   ATP  7   ATS  10  
  - 24    3 790   2 1     1 0     3 3     0.9 2  24  --  0.08 3  26  --  0.01 6  26  --  0.01 9  28  --  
  NEXT  WRS 1981 WRS 4    WRS 0    WRS 78     - ATP  5   ATP  4   ATP  7   ATS  10  
  - 24    3 790   2 1     1 0     3 3     0.9 2  24  --  0.08 3  26  --  0.01 6  26  --  0.01 9  28  --  
  NEXT  WRS 1981 WRS 4    WRS 0    WRS 78     - ATP  5   ATP  4   ATP  7   ATP  10  
  - 24    3 790   2 1     1 0     3 3     0.9 2  24  --  0.08 3  26  --  0.01 6  26  --  0.01 9  28  --  
  NEXT  WRS 1191 WRS 2    WRS 0    WRS 74     - ATP  5   ATP  4   ATP  7   ATP  10  
  - 24    3 790   2 1     1 0     3 3     0.9 2  24  --  0.08 3  26  --  0.01 6  26  --  0.01 9  28  --  
  NEXT  WRS 1191 WRS 2    WRS 0    WRS 74     - ATP  5   ATP  4   ATP  7   ATP  10  
  - 24    3 790   2 1     1 0     3 3     0.9 2  24  --  0.08 3  26  --  0.01 6  26  --  0.01 9  28  --  
  NEXT  WRS 1191 WRS 2    WRS 0    ATH 74     - ATP  5   ATP  4   ATP  7   ATP  10  
  - 24    3 790   2 1     1 0     3 3     0.9 2  24  --  0.08 3  26  --  0.01 6  26  --  0.01 9  28  --  
  NEXT  ATH 1191 WRS 2    WRS 0    ATH 74     - ATP  5   ATP  4   ATP  7   ATP  10  
  - 24    3 790   2 1     1 0     3 3     0.9 2  24  --  0.08 3  26  --  0.01 6  26  --  0.01 9  28  --  
  NEXT  ATH 1191 ATH 2    WRS 0    ATH 74     - ATP  5   ATP  4   ATP  7   ATP  10  
  - 24    3 790   2 1     1 0     3 3     0.9 2  24  --  0.08 3  26  --  0.01 6  26  --  0.01 9  28  --  
  NEXT  ATH 1191 ATH 2    ATH 0    ATH 74     - ATP  5   ATP  4   ATP  7   ATP  10  
  - 24    3 790   2 1     1 0     3 3     0.9 2  24  --  0.08 3  26  --  0.01 6  26  --  0.01 9  28  --  
  NEXT  ATH 1191 ATH 2    ATH 0    ATH 74     - ATP  5   ATP  4   ATP  7   ASL  10  
  - 24    3 790   2 1     1 0     3 3     0.9 2  24  --  0.08 3  26  --  0.01 6  26  --  0.01 9  28  --  
  NEXT  ATH 1191 ATH 2    ATH 0    ATH 74     - ASL  5   ATP  4   ATP  7   ASL  10  
  - 24    3 790   2 1     1 0     3 3     0.9 2  24  --  0.08 3  26  --  0.01 6  26  --  0.01 9  28  --  
  NEXT  ATH 1191 ATH 2    ATH 0    ATH 74     - ASL  5   ATP  4   ASL  7   ASL  10  
  - 24    3 790   2 1     1 0     3 3     0.9 2  24  --  0.08 3  26  --  0.01 6  26  --  0.01 9  28  --  
  NEXT  ATH 1191 ATH 2    ATH 0    ATH 74     - ASL  5   ASL  4   ASL  7   ASL  10  
  - 24    3 790   2 1     1 0     3 3     0.9 2  24  --  0.08 3  26  --  0.01 6  26  --  0.01 9  28  --  
  WBET  ATH 1191 ATH 2    ATH 0    ATH 74     - ASL  5   ASL  4   ASL  7   ASL  10  
  - 24    3 790   2 1     1 0     3 3     0.9 2  24  --  0.08 3  26  --  0.01 6  26  --  0.01 9  28  --  
  WBET  ATH 1191 PAB 2    ATH 0    ATH 74     - ASL  5   ASL  4   ASL  7   ASL  10  
  - 24    3 790   3 2     1 0     3 3     0.9 2  24  --  0.08 3  26  --  0.01 6  26  --  0.01 9  28  --  
  WBET  ATH 1191 WAR 2    ATH 0    ATH 74     - ASL  5   ASL  4   ASL  7   ASL  10  
  - 24    3 790   3 2     1 0     3 3     0.9 2  24  --  0.08 3  26  --  0.01 6  26  --  0.01 9  28  --  
  WBET  ATH 1191 WAR 2    PAB 0    ATH 74     - ASL  5   ASL  4   ASL  7   ASL  10  
  - 24    3 790   3 2     2 0     3 3     0.9 2  24  --  0.08 3  26  --  0.01 6  26  --  0.01 9  28  --  
  WBET  ATH 1191 WAR 2    WAR 0    ATH 74     - ASL  5   ASL  4   ASL  7   ASL  10  
  - 24    3 790   3 2     2 0     3 3     0.9 2  24  --  0.08 3  26  --  0.01 6  26  --  0.01 9  28  --  
  WBET  ATH 1191 WAR 2    WAR 0    PAB 74     - ASL  5   ASL  4   ASL  7   ASL  10  
  - 24    3 790   3 2     2 0     1 4     0.9 2  24  --  0.08 3  26  --  0.01 6  26  --  0.01 9  28  --  
  WBET  ATH 1191 WAR 2    WAR 0    WAR 74     - ASL  5   ASL  4   ASL  7   ASL  10  
  - 24    3 790   3 2     2 0     1 4     0.9 2  24  --  0.08 3  26  --  0.01 6  26  --  0.01 9  28  --  
  WBET  PAB 1191 WAR 2    WAR 0    WAR 74     - ASL  5   ASL  4   ASL  7   ASL  10  
  - 24    2 38    3 2     2 0     1 4     0.9 2  24  --  0.08 3  26  --  0.01 6  26  --  0.01 9  28  --  
  WBET  WAR 1191 WAR 2    WAR 0    WAR 74     - ASL  5   ASL  4   ASL  7   ASL  10  
  - 24    2 38    3 2     2 0     1 4     0.9 2  24  --  0.08 3  26  --  0.01 6  26  --  0.01 9  28  --  
  SUPE  WAR 1191 WAR 2    WAR 0    WAR 74     - ASL  5   ASL  4   ASL  7   ASL  10  
  - 24    2 38    3 2     2 0     1 4     0.9 2  24  --  0.08 3  26  --  0.01 6  26  --  0.01 9  28  --  
  SUPE  WAR 1191 WAR 2    WAR 0    WAR 74     - ASL  5   RUN  4   ASL  7   ASL  10  
  - 24    2 38    3 2     2 0     1 4     0.9 2  24  --  0.08 3  26  --  0.01 6  26  --  0.01 9  28  --  
  SUPE  WAR 1191 WAR 2    WAR 0    WAR 74     - ASL  5   RUN  4   RUN  7   ASL  10  
  - 24    2 38    3 2     2 0     1 4     0.9 2  24  --  0.08 3  26  --  0.01 6  26  --  0.01 9  28  --  
  SUPE  WAR 1191 WAR 2    WAR 0    WAR 74     - RUN  5   RUN  4   RUN  7   ASL  10  
  - 24    2 38    3 2     2 0     1 4     0.9 2  24  --  0.08 3  26  --  0.01 6  26  --  0.01 9  28  --  
  SUPE  WAR 1191 WAR 2    WAR 0    WAR 74     - RUN  5   RUN  4   RUN  7   ASL  10  
  - 24    2 38    3 2     2 0     1 4     0.9 1   1  --  0.08 3  26  --  0.01 6  26  --  0.01 9  28  --  
  SUPE  WAR 1191 WAR 2    WAR 0    WAR 74     - RUN  5   RUN  4   RUN  7   ASL  10  
  - 24    2 38    3 2     2 0     1 4     0.9 1   1  --  0.08 3  26  --  0.01 6  26  --  0.01 9  28  --  
  SUPE  WAR 1191 WAR 2    WAR 0    WAR 74     - RUN  5   RUN  4   RUN  7   RUN  10  
  - 24    2 38    3 2     2 0     1 4     0.9 1   1  --  0.08 3  26  --  0.01 6  26  --  0.01 9  28  --  
  SUPE  WAR 1191 WAR 2    WAR 0    WAR 74     - RUN  5   RUN  4   RUN  7   RUN  10  
  - 24    2 38    3 2     2 0     1 4     0.9 1   1  --  0.08 5   5  --  0.01 6  26  --  0.01 9  28  --  
  SUPE  WAR 1191 WAR 2    WAR 0    WAR 74     - RUN  5   RUN  4   RUN  7   RUN  10  
  - 24    2 38    3 2     2 0     1 4     0.9 1   1  --  0.08 5   5  --  0.01 6  26  --  0.01 9  28  --  
  SUPE  WAR 1191 WAR 2    WAR 0    WAR 74     - RUN  5   RUN  4   RUN  7   RUN  10  
  - 24    2 38    3 2     2 0     1 4     0.9 1   1  --  0.08 5   5  --  0.01 4   4  --  0.01 9  28  --  
  SUPE  WAR 1191 WAR 2    WAR 0    WAR 74     - RUN  5   RUN  4   RUN  7   RUN  10  
  - 24    2 38    3 2     2 0     1 4     0.9 1   1  --  0.08 5   5  --  0.01 4   4  --  0.01 9  28  --  
  SUPE  WAR 1191 WAR 2    WAR 0    WAR 74     - RUN  5   RUN  4   RUN  7   RUN  10  
  - 24    2 38    3 2     2 0     1 4     0.9 1   1  --  0.08 5   5  --  0.01 4   4  --  0.01 5   5  --  
  SUPE  WAR 1191 WAR 2    WAR 0    WAR 74     - RUN  5   RUN  4   RUN  7   RUN  10  
  - 24    2 38    3 2     2 0     1 4     0.9 1   1  --  0.08 5   5  --  0.01 4   4  --  0.01 5   5  --  
  SUPE  WAR 1191 WAR 2    WAR 0    WAR 74     - RUN  5   RUN  4   RUN  7   RUN  10  
  - 24    2 38    3 2     2 0     1 4     0.9 1   2  --  0.08 5   5  --  0.01 4   4  --  0.01 5   5  --  
  SUPE  WAR 1191 WAR 2    WAR 0    WAR 74     - RUN  5   RUN  4   RUN  7   RUN  10  
  - 24    2 38    3 2     2 0     1 4     0.9 1   2  --  0.08 5   5  --  0.01 4   4  --  0.01 5   5  --  
  SUPE  WAR 1191 WAR 2    WAR 0    WAR 74     - RUN  5   RUN  4   RUN  7   RUN  10  
  - 24    2 38    3 2     2 0     1 4     0.9 1   2  --  0.08 4   9  --  0.01 4   4  --  0.01 5   5  --  
  SUPE  WAR 1191 WAR 2    WAR 0    WAR 74     - RUN  5   RUN  4   RUN  7   RUN  10  
  - 24    2 38    3 2     2 0     1 4     0.9 1   2  --  0.08 4   9  --  0.01 4   4  --  0.01 5   5  --  
  SUPE  WAR 1191 WAR 2    WAR 0    WAR 74     - RUN  5   RUN  4   RUN  7   RUN  10  
  - 24    2 38    3 2     2 0     1 4     0.9 1   2  --  0.08 4   9  --  0.01 3   7  --  0.01 5   5  --  
  SUPE  WAR 1191 WAR 2    WAR 0    WAR 74     - RUN  5   RUN  4   RUN  7   RUN  10  
  - 24    2 38    3 2     2 0     1 4     0.9 1   2  --  0.08 4   9  --  0.01 3   7  --  0.01 5   5  --  
  SUPE  WAR 1191 WAR 2    WAR 0    WAR 74     - RUN  5   RUN  4   RUN  7   RUN  10  
  - 24    2 38    3 2     2 0     1 4     0.9 1   2  --  0.08 4   9  --  0.01 3   7  --  0.01 9  14  --  
  SUPE  WAR 1191 WAR 2    WAR 0    WAR 74     - RUN  5   RUN  4   RUN  7   RUN  10  
  - 24    2 38    3 2     2 0     1 4     0.9 1   2  --  0.08 4   9  --  0.01 3   7  --  0.01 9  14  --  
  SUPE  WAR 1191 WAR 2    WAR 0    WAR 74     - RUN  5   RUN  4   RUN  7   RUN  10  
  - 24    2 38    3 2     2 0     1 4     0.9 5   7  --  0.08 4   9  --  0.01 3   7  --  0.01 9  14  --  
  SUPE  WAR 1191 WAR 2    WAR 0    WAR 74     - RUN  5   RUN  4   RUN  7   RUN  10  
  - 24    2 38    3 2     2 0     1 4     0.9 5   7  --  0.08 4   9  --  0.01 3   7  --  0.01 9  14  --  
  SUPE  WAR 1191 WAR 2    WAR 0    WAR 74     - RUN  5   RUN  4   RUN  7   RUN  10  
  - 24    2 38    3 2     2 0     1 4     0.9 5   7  --  0.08 2  11  --  0.01 3   7  --  0.01 9  14  --  
  SUPE  WAR 1191 WAR 2    WAR 0    WAR 74     - RUN  5   RUN  4   RUN  7   RUN  10  
  - 24    2 38    3 2     2 0     1 4     0.9 5   7  --  0.08 2  11  --  0.01 3   7  --  0.01 9  14  --  
  SUPE  WAR 1191 WAR 2    WAR 0    WAR 74     - RUN  5   RUN  4   RUN  7   RUN  10  
  - 24    2 38    3 2     2 0     1 4     0.9 5   7  --  0.08 2  11  --  0.01 3  10  --  0.01 9  14  --  
  SUPE  WAR 1191 WAR 2    WAR 0    WAR 74     - RUN  5   RUN  4   RUN  7   RUN  10  
  - 24    2 38    3 2     2 0     1 4     0.9 5   7  --  0.08 2  11  --  0.01 3  10  --  0.01 9  14  --  
  SUPE  WAR 1191 WAR 2    WAR 0    WAR 74     - RUN  5   RUN  4   RUN  7   RUN  10  
  - 24    2 38    3 2     2 0     1 4     0.9 5   7  --  0.08 2  11  --  0.01 3  10  --  0.01 3  17  --  
  SUPE  WAR 1191 WAR 2    WAR 0    WAR 74     - RUN  5   RUN  4   RUN  7   RUN  10  
  - 24    2 38    3 2     2 0     1 4     0.9 5   7  --  0.08 2  11  --  0.01 3  10  --  0.01 3  17  --  
  SUPE  WAR 1191 WAR 2    WAR 0    WAR 74     - RUN  5   RUN  4   RUN  7   RUN  10  
  - 24    2 38    3 2     2 0     1 4     0.9 1   8  --  0.08 2  11  --  0.01 3  10  --  0.01 3  17  --  
  SUPE  WAR 1191 WAR 2    WAR 0    WAR 74     - RUN  5   RUN  4   RUN  7   RUN  10  
  - 24    2 38    3 2     2 0     1 4     0.9 1   8  --  0.08 2  11  --  0.01 3  10  --  0.01 3  17  --  
  SUPE  WAR 1191 WAR 2    WAR 0    WAR 74     - RUN  5   RUN  4   RUN  7   RUN  10  
  - 24    2 38    3 2     2 0     1 4     0.9 1   8  --  0.08 5  16  --  0.01 3  10  --  0.01 3  17  --  
  SUPE  WAR 1191 WAR 2    WAR 0    WAR 74     - RUN  5   RUN  4   RUN  7   RUN  10  
  - 24    2 38    3 2     2 0     1 4     0.9 1   8  --  0.08 5  16  --  0.01 3  10  --  0.01 3  17  --  
  SUPE  WAR 1191 WAR 2    WAR 0    WAR 74     - RUN  5   RUN  4   RUN  7   RUN  10  
  - 24    2 38    3 2     2 0     1 4     0.9 1   8  --  0.08 5  16  --  0.01 2  12  --  0.01 3  17  --  
  SUPE  WAR 1191 WAR 2    WAR 0    WAR 74     - RUN  5   RUN  4   RUN  7   RUN  10  
  - 24    2 38    3 2     2 0     1 4     0.9 1   8  --  0.08 5  16  --  0.01 2  12  --  0.01 3  17  --  
  SUPE  WAR 1191 WAR 2    WAR 0    WAR 74     - RUN  5   RUN  4   RUN  7   RUN  10  
  - 24    2 38    3 2     2 0     1 4     0.9 1   8  --  0.08 5  16  --  0.01 2  12  --  0.01 2  19  --  
  SUPE  WAR 1191 WAR 2    WAR 0    WAR 74     - RUN  5   RUN  4   RUN  7   RUN  10  
  - 24    2 38    3 2     2 0     1 4     0.9 1   8  --  0.08 5  16  --  0.01 2  12  --  0.01 2  19  --  
  SUPE  WAR 1191 WAR 2    WAR 0    WAR 74     - RUN  5   RUN  4   RUN  7   RUN  10  
  - 24    2 38    3 2     2 0     1 4     0.9 3  11  --  0.08 5  16  --  0.01 2  12  --  0.01 2  19  --  
  SUPE  WAR 1191 WAR 2    WAR 0    WAR 74     - RUN  5   RUN  4   RUN  7   RUN  10  
  - 24    2 38    3 2     2 0     1 4     0.9 3  11  --  0.08 5  16  --  0.01 2  12  --  0.01 2  19  --  
  SUPE  WAR 1191 WAR 2    WAR 0    WAR 74     - RUN  5   RUN  4   RUN  7   RUN  10  
  - 24    2 38    3 2     2 0     1 4     0.9 3  11  --  0.08 4  20  --  0.01 2  12  --  0.01 2  19  --  
  SUPE  WAR 1191 WAR 2    WAR 0    WAR 74     - RUN  5   RUN  4   RUN  7   RUN  10  
  - 24    2 38    3 2     2 0     1 4     0.9 3  11  --  0.08 4  20  --  0.01 2  12  --  0.01 2  19  --  
  SUPE  WAR 1191 WAR 2    WAR 0    WAR 74     - RUN  5   RUN  4   RUN  7   RUN  10  
  - 24    2 38    3 2     2 0     1 4     0.9 3  11  --  0.08 4  20  --  0.01 1  13  --  0.01 2  19  --  
  SUPE  WAR 1191 WAR 2    WAR 0    WAR 74     - RUN  5   RUN  4   RUN  7   RUN  10  
  - 24    2 38    3 2     2 0     1 4     0.9 3  11  --  0.08 4  20  --  0.01 1  13  --  0.01 2  19  --  
  SUPE  WAR 1191 WAR 2    WAR 0    WAR 74     - RUN  5   RUN  4   RUN  7   RUN  10  
  - 24    2 38    3 2     2 0     1 4     0.9 3  11  --  0.08 4  20  --  0.01 1  13  --  0.01 7  26  --  
  SUPE  WAR 1191 WAR 2    WAR 0    WAR 74     - RUN  5   RUN  4   RUN  7   AFL  10  
  - 24    2 38    3 2     2 0     1 4     0.9 3  11  --  0.08 4  20  --  0.01 1  13  --  0.01 7  26  --  
  SUPE  WAR 1191 WAR 2    WAR 0    WAR 74     - RUN  5   RUN  4   RUN  7   ATS  10  
  - 24    2 38    3 2     2 0     1 4     0.9 3  11  --  0.08 4  20  --  0.01 1  13  --  0.01 7  26  --  
  SUPE  WAR 1191 WAR 2    WAR 0    WAR 74     - RUN  5   RUN  4   RUN  7   ATS  10  
  - 24    2 38    3 2     2 0     1 4     0.9 5  16  --  0.08 4  20  --  0.01 1  13  --  0.01 7  26  --  
  SUPE  WAR 1191 WAR 2    WAR 0    WAR 74     - RUN  5   RUN  4   RUN  7   ATS  10  
  - 24    2 38    3 2     2 0     1 4     0.9 5  16  --  0.08 4  20  --  0.01 1  13  --  0.01 7  26  --  
  SUPE  WAR 1191 WAR 2    WAR 0    WAR 74     - RUN  5   RUN  4   RUN  7   ATS  10  
  - 24    2 38    3 2     2 0     1 4     0.9 5  16  --  0.08 3  23  --  0.01 1  13  --  0.01 7  26  --  
  SUPE  WAR 1191 WAR 2    WAR 0    WAR 74     - RUN  5   RUN  4   RUN  7   ATS  10  
  - 24    2 38    3 2     2 0     1 4     0.9 5  16  --  0.08 3  23  --  0.01 1  13  --  0.01 7  26  --  
  SUPE  WAR 1191 WAR 2    WAR 0    WAR 74     - RUN  5   RUN  4   RUN  7   ATS  10  
  - 24    2 38    3 2     2 0     1 4     0.9 5  16  --  0.08 3  23  --  0.01 2  15  --  0.01 7  26  --  
  SUPE  WAR 1191 WAR 2    WAR 0    WAR 74     - RUN  5   RUN  4   RUN  7   ATS  10  
  - 24    2 38    3 2     2 0     1 4     0.9 5  16  --  0.08 3  23  --  0.01 2  15  --  0.01 7  26  --  
  SUPE  WAR 1191 WAR 2    WAR 0    WAR 74     - RUN  5   RUN  4   RUN  7   ATS  10  
  - 24    2 38    3 2     2 0     1 4     0.9 5  21  --  0.08 3  23  --  0.01 2  15  --  0.01 7  26  --  
  SUPE  WAR 1191 WAR 2    WAR 0    WAR 74     - RUN  5   RUN  4   RUN  7   ATS  10  
  - 24    2 38    3 2     2 0     1 4     0.9 5  21  --  0.08 3  23  --  0.01 2  15  --  0.01 7  26  --  
  SUPE  WAR 1191 WAR 2    WAR 0    WAR 74     - RUN  5   RUN  4   RUN  7   ATS  10  
  - 24    2 38    3 2     2 0     1 4     0.9 5  21  --  0.08 2  25  --  0.01 2  15  --  0.01 7  26  --  
  SUPE  WAR 1191 WAR 2    WAR 0    WAR 74     - RUN  5   AFL  4   RUN  7   ATS  10  
  - 24    2 38    3 2     2 0     1 4     0.9 5  21  --  0.08 2  25  --  0.01 2  15  --  0.01 7  26  --  
  SUPE  WAR 1191 WAR 2    WAR 0    WAR 74     - RUN  5   ATS  4   RUN  7   ATS  10  
  - 24    2 38    3 2     2 0     1 4     0.9 5  21  --  0.08 2  25  --  0.01 2  15  --  0.01 7  26  --  
  SUPE  WAR 1191 WAR 2    WAR 0    WAR 74     - RUN  5   ATS  4   RUN  7   ATS  10  
  - 24    2 38    3 2     2 0     1 4     0.9 5  21  --  0.08 2  25  --  0.01 8  23  --  0.01 7  26  --  
  SUPE  WAR 1191 WAR 2    WAR 0    WAR 74     - RUN  5   ATS  4   RUN  7   ATS  10  
  - 24    2 38    3 2     2 0     1 4     0.9 5  21  --  0.08 2  25  --  0.01 8  23  --  0.01 7  26  --  
  SUPE  WAR 1191 WAR 2    WAR 0    WAR 74     - RUN  5   ATS  4   RUN  7   ATS  10  
  - 24    2 38    3 2     2 0     1 4     0.9 4  25  --  0.08 2  25  --  0.01 8  23  --  0.01 7  26  --  
  SUPE  WAR 1191 WAR 2    WAR 0    WAR 74     - AFL  5   ATS  4   RUN  7   ATS  10  
  - 24    2 38    3 2     2 0     1 4     0.9 4  25  --  0.08 2  25  --  0.01 8  23  --  0.01 7  26  --  
  SUPE  WAR 1191 WAR 2    WAR 0    WAR 74     - ATS  5   ATS  4   RUN  7   ATS  10  
  - 24    2 38    3 2     2 0     1 4     0.9 4  25  --  0.08 2  25  --  0.01 8  23  --  0.01 7  26  --  
  SUPE  WAR 1191 WAR 2    WAR 0    WAR 74     - ATS  5   ATS  4   RUN  7   ATS  10  
  - 24    2 38    3 2     2 0     1 4     0.9 4  25  --  0.08 2  25  --  0.01 1  24  --  0.01 7  26  --  
  SUPE  WAR 1191 WAR 2    WAR 0    WAR 74     - ATS  5   ATS  4   AFL  7   ATS  10  
  - 24    2 38    3 2     2 0     1 4     0.9 4  25  --  0.08 2  25  --  0.01 1  24  --  0.01 7  26  --  
  SUPE  WAR 1191 WAR 2    WAR 0    WAR 74     - ATS  5   ATS  4   ATS  7   ATS  10  
  - 24    2 38    3 2     2 0     1 4     0.9 4  25  --  0.08 2  25  --  0.01 1  24  --  0.01 7  26  --  
  SETA  WAR 1191 WAR 2    WAR 0    WAR 74     - ATS  5   ATS  4   ATS  7   ATS  10  
  - 24    2 38    3 2     2 0     1 4     0.9 4  25  --  0.08 2  25  --  0.01 1  24  --  0.01 7  26  --  
  SETA  WAR 1191 WAR 2    WAR 0    WAR 74     - ATS  5   ATS  4   ATS  7   ATS  10  
  - 24    2 38    3 2     2 0     1 4     0.9 4  25  --  0.08 2  25  --  0.01 1  24  --  0.01 7  26  --  
  SETA  WAR 1191 WAR 2    WAR 0    CEL 69     - ATS  5   ATS  4   ATS  7   ATS  10  
  - 24    2 38    3 2     2 0     1 4     0.9 4  25  --  0.08 2  25  --  0.01 1  24  --  0.01 7  26  --  
  SETA  WAR 1191 WAR 2    WAR 0    CEL 69     - ATS  5   ATS  4   ATS  7   ATS  10  
  - 24    2 38    3 2     2 0     1 4     0.9 4  25  --  0.08 2  25  --  0.01 1  24  --  0.01 7  26  --  
  SETA  WAR 1191 CEL 0    WAR 0    CEL 69     - ATS  5   ATS  4   ATS  7   ATS  10  
  - 24    2 38    3 2     2 0     1 4     0.9 4  25  --  0.08 2  25  --  0.01 1  24  --  0.01 7  26  --  
  SETA  WAR 1191 CEL 0    WAR 0    CEL 69     - ATS  5   ATS  4   ATS  7   ATS  10  
  - 24    2 38    3 2     2 0     1 4     0.9 4  25  --  0.08 2  25  --  0.01 1  24  --  0.01 7  26  --  
  SETA  WAR 1191 CEL 0    CEL 0    CEL 69     - ATS  5   ATS  4   ATS  7   ATS  10  
  - 24    2 38    3 2     2 0     1 4     0.9 4  25  --  0.08 2  25  --  0.01 1  24  --  0.01 7  26  --  
  SETA  WAR 1191 CEL 0    CEL 0    CEL 69     - ATS  5   ATS  4   ATS  7   ATS  10  
  - 24    2 38    3 2     2 0     1 4     0.9 4  25  --  0.08 2  25  --  0.01 1  24  --  0.01 7  26  --  
  SETA  CEL 1153 CEL 0    CEL 0    CEL 69     - ATS  5   ATS  4   ATS  7   ATS  10  
  - 24    2 38    3 2     2 0     1 4     0.9 4  25  --  0.08 2  25  --  0.01 1  24  --  0.01 7  26  --  
  PLAY  CEL 1153 CEL 0    CEL 0    CEL 69     - ATS  5   ATS  4   ATS  7   ATS  10  
  - 24    2 38    3 2     2 0     1 4     0.9 4  25  --  0.08 2  25  --  0.01 1  24  --  0.01 7  26  --  
